[    0.000000] random: get_random_bytes called from start_kernel+0x42/0x4e9 with crng_init=0
[    0.000000] Linux version 4.13.0-43-generic (buildd@lgw01-amd64-026) (gcc version 7.2.0 (Ubuntu 7.2.0-8ubuntu3.2)) #48-Ubuntu SMP Wed May 16 12:18:48 UTC 2018 (Ubuntu 4.13.0-43.48-generic 4.13.16)
[    0.000000] Command line: BOOT_IMAGE=/boot/vmlinuz-4.13.0-43-generic root=LABEL=cloudimg-rootfs ro console=tty1 console=ttyS0
[    0.000000] KERNEL supported cpus:
[    0.000000]   Intel GenuineIntel
[    0.000000]   AMD AuthenticAMD
[    0.000000]   Centaur CentaurHauls
[    0.000000] x86/fpu: Supporting XSAVE feature 0x001: 'x87 floating point registers'
[    0.000000] x86/fpu: Supporting XSAVE feature 0x002: 'SSE registers'
[    0.000000] x86/fpu: Supporting XSAVE feature 0x004: 'AVX registers'
[    0.000000] x86/fpu: xstate_offset[2]:  576, xstate_sizes[2]:  256
[    0.000000] x86/fpu: Enabled xstate features 0x7, context size is 832 bytes, using 'standard' format.
[    0.000000] e820: BIOS-provided physical RAM map:
[    0.000000] BIOS-e820: [mem 0x0000000000000000-0x000000000009fbff] usable
[    0.000000] BIOS-e820: [mem 0x000000000009fc00-0x000000000009ffff] reserved
[    0.000000] BIOS-e820: [mem 0x00000000000f0000-0x00000000000fffff] reserved
[    0.000000] BIOS-e820: [mem 0x0000000000100000-0x000000007ffeffff] usable
[    0.000000] BIOS-e820: [mem 0x000000007fff0000-0x000000007fffffff] ACPI data
[    0.000000] BIOS-e820: [mem 0x00000000fec00000-0x00000000fec00fff] reserved
[    0.000000] BIOS-e820: [mem 0x00000000fee00000-0x00000000fee00fff] reserved
[    0.000000] BIOS-e820: [mem 0x00000000fffc0000-0x00000000ffffffff] reserved
[    0.000000] NX (Execute Disable) protection: active
[    0.000000] random: fast init done
[    0.000000] SMBIOS 2.5 present.
[    0.000000] DMI: innotek GmbH VirtualBox/VirtualBox, BIOS VirtualBox 12/01/2006
[    0.000000] Hypervisor detected: KVM
[    0.000000] tsc: Fast TSC calibration failed
[    0.000000] tsc: Unable to calibrate against PIT
[    0.000000] tsc: No reference (HPET/PMTIMER) available
[    0.000000] e820: last_pfn = 0x7fff0 max_arch_pfn = 0x400000000
[    0.000000] MTRR: Disabled
[    0.000000] x86/PAT: MTRRs disabled, skipping PAT initialization too.
[    0.000000] CPU MTRRs all blank - virtualized system.
[    0.000000] x86/PAT: Configuration [0-7]: WB  WT  UC- UC  WB  WT  UC- UC  
[    0.000000] found SMP MP-table at [mem 0x0009fff0-0x0009ffff] mapped at [ffff94ef8009fff0]
[    0.000000] Scanning 1 areas for low memory corruption
[    0.000000] RAMDISK: [mem 0x367f5000-0x373f1fff]
[    0.000000] ACPI: Early table checksum verification disabled
[    0.000000] ACPI: RSDP 0x00000000000E0000 000024 (v02 VBOX  )
[    0.000000] ACPI: XSDT 0x000000007FFF0030 00003C (v01 VBOX   VBOXXSDT 00000001 ASL  00000061)
[    0.000000] ACPI: FACP 0x000000007FFF00F0 0000F4 (v04 VBOX   VBOXFACP 00000001 ASL  00000061)
[    0.000000] ACPI: DSDT 0x000000007FFF0470 0021FF (v02 VBOX   VBOXBIOS 00000002 INTL 20160108)
[    0.000000] ACPI: FACS 0x000000007FFF0200 000040
[    0.000000] ACPI: FACS 0x000000007FFF0200 000040
[    0.000000] ACPI: APIC 0x000000007FFF0240 00005C (v02 VBOX   VBOXAPIC 00000001 ASL  00000061)
[    0.000000] ACPI: SSDT 0x000000007FFF02A0 0001CC (v01 VBOX   VBOXCPUT 00000002 INTL 20160108)
[    0.000000] No NUMA configuration found
[    0.000000] Faking a node at [mem 0x0000000000000000-0x000000007ffeffff]
[    0.000000] NODE_DATA(0) allocated [mem 0x7ffc5000-0x7ffeffff]
[    0.000000] kvm-clock: Using msrs 4b564d01 and 4b564d00
[    0.000000] kvm-clock: cpu 0, msr 0:7ff45001, primary cpu clock
[    0.000000] kvm-clock: using sched offset of 3521009822 cycles
[    0.000000] clocksource: kvm-clock: mask: 0xffffffffffffffff max_cycles: 0x1cd42e4dffb, max_idle_ns: 881590591483 ns
[    0.000000] Zone ranges:
[    0.000000]   DMA      [mem 0x0000000000001000-0x0000000000ffffff]
[    0.000000]   DMA32    [mem 0x0000000001000000-0x000000007ffeffff]
[    0.000000]   Normal   empty
[    0.000000]   Device   empty
[    0.000000] Movable zone start for each node
[    0.000000] Early memory node ranges
[    0.000000]   node   0: [mem 0x0000000000001000-0x000000000009efff]
[    0.000000]   node   0: [mem 0x0000000000100000-0x000000007ffeffff]
[    0.000000] Initmem setup node 0 [mem 0x0000000000001000-0x000000007ffeffff]
[    0.000000] ACPI: PM-Timer IO Port: 0x4008
[    0.000000] IOAPIC[0]: apic_id 2, version 32, address 0xfec00000, GSI 0-23
[    0.000000] ACPI: INT_SRC_OVR (bus 0 bus_irq 0 global_irq 2 dfl dfl)
[    0.000000] ACPI: INT_SRC_OVR (bus 0 bus_irq 9 global_irq 9 high level)
[    0.000000] Using ACPI (MADT) for SMP configuration information
[    0.000000] smpboot: Allowing 2 CPUs, 0 hotplug CPUs
[    0.000000] PM: Registered nosave memory: [mem 0x00000000-0x00000fff]
[    0.000000] PM: Registered nosave memory: [mem 0x0009f000-0x0009ffff]
[    0.000000] PM: Registered nosave memory: [mem 0x000a0000-0x000effff]
[    0.000000] PM: Registered nosave memory: [mem 0x000f0000-0x000fffff]
[    0.000000] e820: [mem 0x80000000-0xfebfffff] available for PCI devices
[    0.000000] Booting paravirtualized kernel on KVM
[    0.000000] clocksource: refined-jiffies: mask: 0xffffffff max_cycles: 0xffffffff, max_idle_ns: 7645519600211568 ns
[    0.000000] setup_percpu: NR_CPUS:8192 nr_cpumask_bits:2 nr_cpu_ids:2 nr_node_ids:1
[    0.000000] percpu: Embedded 45 pages/cpu @ffff94efffc00000 s146584 r8192 d29544 u1048576
[    0.000000] PV qspinlock hash table entries: 256 (order: 0, 4096 bytes)
[    0.000000] Built 1 zonelists in Node order, mobility grouping on.  Total pages: 515961
[    0.000000] Policy zone: DMA32
[    0.000000] Kernel command line: BOOT_IMAGE=/boot/vmlinuz-4.13.0-43-generic root=LABEL=cloudimg-rootfs ro console=tty1 console=ttyS0
[    0.000000] PID hash table entries: 4096 (order: 3, 32768 bytes)
[    0.000000] Memory: 2024584K/2096696K available (12300K kernel code, 2482K rwdata, 4000K rodata, 2376K init, 2372K bss, 72112K reserved, 0K cma-reserved)
[    0.000000] SLUB: HWalign=64, Order=0-3, MinObjects=0, CPUs=2, Nodes=1
[    0.000000] Kernel/User page tables isolation: enabled
[    0.000000] ftrace: allocating 37865 entries in 148 pages
[    0.004000] Hierarchical RCU implementation.
[    0.004000] 	RCU restricting CPUs from NR_CPUS=8192 to nr_cpu_ids=2.
[    0.004000] 	Tasks RCU enabled.
[    0.004000] RCU: Adjusting geometry for rcu_fanout_leaf=16, nr_cpu_ids=2
[    0.004000] NR_IRQS: 524544, nr_irqs: 440, preallocated irqs: 16
[    0.004000] Console: colour VGA+ 80x25
[    0.004000] console [tty1] enabled
[    0.004000] console [ttyS0] enabled
[    0.004000] tsc: Detected 2294.690 MHz processor
[    0.004000] Calibrating delay loop (skipped) preset value.. 4589.38 BogoMIPS (lpj=9178760)
[    0.004014] pid_max: default: 32768 minimum: 301
[    0.007053] ACPI: Core revision 20170531
[    0.009028] ACPI: 2 ACPI AML tables successfully acquired and loaded
[    0.012051] Security Framework initialized
[    0.016013] Yama: becoming mindful.
[    0.020066] AppArmor: AppArmor initialized
[    0.025452] Dentry cache hash table entries: 262144 (order: 9, 2097152 bytes)
[    0.029112] Inode-cache hash table entries: 131072 (order: 8, 1048576 bytes)
[    0.032045] Mount-cache hash table entries: 4096 (order: 3, 32768 bytes)
[    0.034428] Mountpoint-cache hash table entries: 4096 (order: 3, 32768 bytes)
[    0.036297] CPU: Physical Processor ID: 0
[    0.037665] CPU: Processor Core ID: 0
[    0.040033] FEATURE SPEC_CTRL Not Present
[    0.041800] mce: CPU supports 0 MCE banks
[    0.044043] Last level iTLB entries: 4KB 64, 2MB 8, 4MB 8
[    0.046163] Last level dTLB entries: 4KB 64, 2MB 0, 4MB 0, 1GB 4
[    0.048022] Spectre V2 mitigation: Mitigation: Full generic retpoline
[    0.052015] Spectre V2 mitigation: Speculation control IBPB not-supported IBRS not-supported
[    0.052017] Speculative Store Bypass: Vulnerable
[    0.060199] Freeing SMP alternatives memory: 36K
[    0.066675] smpboot: Max logical packages: 1
[    0.068427] x2apic enabled
[    0.072013] Switched APIC routing to physical x2apic.
[    0.081511] ..TIMER: vector=0x30 apic1=0 pin1=2 apic2=-1 pin2=-1
[    0.088000] smpboot: CPU0: Intel(R) Core(TM) i5-5300U CPU @ 2.30GHz (family: 0x6, model: 0x3d, stepping: 0x4)
[    0.088120] Performance Events: unsupported p6 CPU model 61 no PMU driver, software events only.
[    0.092064] Hierarchical SRCU implementation.
[    0.096683] smp: Bringing up secondary CPUs ...
[    0.100203] x86: Booting SMP configuration:
[    0.104051] .... node  #0, CPUs:      #1
[    0.004000] kvm-clock: cpu 1, msr 0:7ff45041, secondary cpu clock
[    0.004000] mce: CPU supports 0 MCE banks
[    0.159623] smp: Brought up 1 node, 2 CPUs
[    0.160018] smpboot: Total of 2 processors activated (9178.76 BogoMIPS)
[    0.164416] devtmpfs: initialized
[    0.168110] x86/mm: Memory block size: 128MB
[    0.170749] evm: security.selinux
[    0.172010] evm: security.SMACK64
[    0.176008] evm: security.SMACK64EXEC
[    0.177313] evm: security.SMACK64TRANSMUTE
[    0.180015] evm: security.SMACK64MMAP
[    0.181325] evm: security.ima
[    0.184008] evm: security.capability
[    0.186787] clocksource: jiffies: mask: 0xffffffff max_cycles: 0xffffffff, max_idle_ns: 7645041785100000 ns
[    0.188037] futex hash table entries: 512 (order: 3, 32768 bytes)
[    0.192787] pinctrl core: initialized pinctrl subsystem
[    0.196157] RTC time:  3:47:15, date: 05/24/18
[    0.200174] NET: Registered protocol family 16
[    0.204771] cpuidle: using governor ladder
[    0.206305] cpuidle: using governor menu
[    0.208011] PCCT header not found.
[    0.212154] ACPI: bus type PCI registered
[    0.213756] acpiphp: ACPI Hot Plug PCI Controller Driver version: 0.5
[    0.216265] PCI: Using configuration type 1 for base access
[    0.222201] HugeTLB registered 2.00 MiB page size, pre-allocated 0 pages
[    0.232029] ACPI: Added _OSI(Module Device)
[    0.233761] ACPI: Added _OSI(Processor Device)
[    0.235437] ACPI: Added _OSI(3.0 _SCP Extensions)
[    0.236011] ACPI: Added _OSI(Processor Aggregator Device)
[    0.240176] ACPI: Executed 1 blocks of module-level executable AML code
[    0.246247] ACPI: Interpreter enabled
[    0.248043] ACPI: (supports S0 S5)
[    0.249342] ACPI: Using IOAPIC for interrupt routing
[    0.252282] PCI: Using host bridge windows from ACPI; if necessary, use "pci=nocrs" and report a bug
[    0.256345] ACPI: Enabled 2 GPEs in block 00 to 07
[    0.266217] ACPI: PCI Root Bridge [PCI0] (domain 0000 [bus 00-ff])
[    0.268024] acpi PNP0A03:00: _OSC: OS supports [ASPM ClockPM Segments MSI]
[    0.269364] acpi PNP0A03:00: _OSC: not requesting OS control; OS requires [ExtendedConfig ASPM ClockPM MSI]
[    0.272050] acpi PNP0A03:00: fail to add MMCONFIG information, can't access extended PCI configuration space under this bridge.
[    0.276430] PCI host bridge to bus 0000:00
[    0.280020] pci_bus 0000:00: root bus resource [io  0x0000-0x0cf7 window]
[    0.284017] pci_bus 0000:00: root bus resource [io  0x0d00-0xffff window]
[    0.288016] pci_bus 0000:00: root bus resource [mem 0x000a0000-0x000bffff window]
[    0.292015] pci_bus 0000:00: root bus resource [mem 0x80000000-0xffdfffff window]
[    0.296016] pci_bus 0000:00: root bus resource [bus 00-ff]
[    0.302312] pci 0000:00:01.1: legacy IDE quirk: reg 0x10: [io  0x01f0-0x01f7]
[    0.304013] pci 0000:00:01.1: legacy IDE quirk: reg 0x14: [io  0x03f6]
[    0.308013] pci 0000:00:01.1: legacy IDE quirk: reg 0x18: [io  0x0170-0x0177]
[    0.310439] pci 0000:00:01.1: legacy IDE quirk: reg 0x1c: [io  0x0376]
[    0.408563] pci 0000:00:07.0: quirk: [io  0x4000-0x403f] claimed by PIIX4 ACPI
[    0.412031] pci 0000:00:07.0: quirk: [io  0x4100-0x410f] claimed by PIIX4 SMB
[    0.464766] ACPI: PCI Interrupt Link [LNKA] (IRQs 5 9 10 *11)
[    0.468406] ACPI: PCI Interrupt Link [LNKB] (IRQs 5 9 10 *11)
[    0.472323] ACPI: PCI Interrupt Link [LNKC] (IRQs 5 9 *10 11)
[    0.476191] ACPI: PCI Interrupt Link [LNKD] (IRQs 5 *9 10 11)
[    0.484462] SCSI subsystem initialized
[    0.488352] pci 0000:00:02.0: vgaarb: setting as boot VGA device
[    0.492000] pci 0000:00:02.0: vgaarb: VGA device added: decodes=io+mem,owns=io+mem,locks=none
[    0.492038] pci 0000:00:02.0: vgaarb: bridge control possible
[    0.496009] vgaarb: loaded
[    0.500328] ACPI: bus type USB registered
[    0.504166] usbcore: registered new interface driver usbfs
[    0.508047] usbcore: registered new interface driver hub
[    0.512624] usbcore: registered new device driver usb
[    0.516144] EDAC MC: Ver: 3.0.0
[    0.520315] PCI: Using ACPI for IRQ routing
[    0.524389] NetLabel: Initializing
[    0.525935] NetLabel:  domain hash size = 128
[    0.528012] NetLabel:  protocols = UNLABELED CIPSOv4 CALIPSO
[    0.532044] NetLabel:  unlabeled traffic allowed by default
[    0.536490] clocksource: Switched to clocksource kvm-clock
[    0.559322] VFS: Disk quotas dquot_6.6.0
[    0.576723] VFS: Dquot-cache hash table entries: 512 (order 0, 4096 bytes)
[    0.640512] AppArmor: AppArmor Filesystem Enabled
[    0.652324] pnp: PnP ACPI init
[    0.654279] pnp: PnP ACPI: found 3 devices
[    0.670734] clocksource: acpi_pm: mask: 0xffffff max_cycles: 0xffffff, max_idle_ns: 2085701024 ns
[    0.674157] NET: Registered protocol family 2
[    0.677891] TCP established hash table entries: 16384 (order: 5, 131072 bytes)
[    0.680714] TCP bind hash table entries: 16384 (order: 6, 262144 bytes)
[    0.683045] TCP: Hash tables configured (established 16384 bind 16384)
[    0.686582] UDP hash table entries: 1024 (order: 3, 32768 bytes)
[    0.688731] UDP-Lite hash table entries: 1024 (order: 3, 32768 bytes)
[    0.690987] NET: Registered protocol family 1
[    0.692745] pci 0000:00:00.0: Limiting direct PCI/PCI transfers
[    0.694895] pci 0000:00:01.0: Activating ISA DMA hang workarounds
[    0.725373] pci 0000:00:02.0: Video device with shadowed ROM at [mem 0x000c0000-0x000dffff]
[    0.730298] Unpacking initramfs...
[    3.794529] Freeing initrd memory: 12276K
[    3.802826] platform rtc_cmos: registered platform RTC device (no PNP device found)
[    3.805909] Scanning for low memory corruption every 60 seconds
[    3.817578] audit: initializing netlink subsys (disabled)
[    3.820127] Initialise system trusted keyrings
[    3.820207] audit: type=2000 audit(1527133642.581:1): state=initialized audit_enabled=0 res=1
[    3.825206] Key type blacklist registered
[    3.827770] workingset: timestamp_bits=36 max_order=19 bucket_order=0
[    3.831882] zbud: loaded
[    3.834238] squashfs: version 4.0 (2009/01/31) Phillip Lougher
[    3.836958] fuse init (API version 7.26)
[    3.853323] Key type asymmetric registered
[    3.854974] Asymmetric key parser 'x509' registered
[    3.857752] Block layer SCSI generic (bsg) driver version 0.4 loaded (major 247)
[    3.861329] io scheduler noop registered
[    3.862947] io scheduler deadline registered
[    3.864633] io scheduler cfq registered (default)
[    3.867986] ACPI: AC Adapter [AC] (on-line)
[    3.874556] input: Power Button as /devices/LNXSYSTM:00/LNXPWRBN:00/input/input0
[    3.883814] ACPI: Power Button [PWRF]
[    3.886873] input: Sleep Button as /devices/LNXSYSTM:00/LNXSLPBN:00/input/input1
[    3.890312] ACPI: Sleep Button [SLPF]
[    3.893824] GHES: HEST is not enabled!
[    3.908674] ACPI: Battery Slot [BAT0] (battery present)
[    3.913435] Serial: 8250/16550 driver, 32 ports, IRQ sharing enabled
[    3.938784] 00:02: ttyS0 at I/O 0x3f8 (irq = 4, base_baud = 115200) is a 16550A
[    3.946000] Linux agpgart interface v0.103
[    3.954945] loop: module loaded
[    3.958855] scsi host0: ata_piix
[    3.961638] scsi host1: ata_piix
[    3.963083] ata1: PATA max UDMA/33 cmd 0x1f0 ctl 0x3f6 bmdma 0xd000 irq 14
[    3.965427] ata2: PATA max UDMA/33 cmd 0x170 ctl 0x376 bmdma 0xd008 irq 15
[    3.969336] libphy: Fixed MDIO Bus: probed
[    3.977272] tun: Universal TUN/TAP device driver, 1.6
[    4.025265] PPP generic driver version 2.4.2
[    4.138680] ehci_hcd: USB 2.0 'Enhanced' Host Controller (EHCI) Driver
[    4.206304] ehci-pci: EHCI PCI platform driver
[    4.276039] ehci-platform: EHCI generic platform driver
[    4.309331] ohci_hcd: USB 1.1 'Open' Host Controller (OHCI) Driver
[    4.323042] ohci-pci: OHCI PCI platform driver
[    4.334271] ohci-platform: OHCI generic platform driver
[    4.413939] uhci_hcd: USB Universal Host Controller Interface driver
[    4.494551] i8042: PNP: PS/2 Controller [PNP0303:PS2K,PNP0f03:PS2M] at 0x60,0x64 irq 1,12
[    4.535799] serio: i8042 KBD port at 0x60,0x64 irq 1
[    4.646880] serio: i8042 AUX port at 0x60,0x64 irq 12
[    4.649237] mousedev: PS/2 mouse device common for all mice
[    4.677882] rtc_cmos rtc_cmos: rtc core: registered rtc_cmos as rtc0
[    4.703635] rtc_cmos rtc_cmos: alarms up to one day, 114 bytes nvram
[    4.706122] i2c /dev entries driver
[    4.708454] device-mapper: uevent: version 1.0.3
[    4.708573] input: AT Translated Set 2 keyboard as /devices/platform/i8042/serio0/input/input2
[    4.725046] device-mapper: ioctl: 4.37.0-ioctl (2017-09-20) initialised: dm-devel@redhat.com
[    4.731190] ledtrig-cpu: registered to indicate activity on CPUs
[    4.774864] NET: Registered protocol family 10
[    4.791912] Segment Routing with IPv6
[    4.794066] NET: Registered protocol family 17
[    4.796686] Key type dns_resolver registered
[    4.800050] RAS: Correctable Errors collector initialized.
[    4.804336] sched_clock: Marking stable (4804207533, 0)->(7136797232, -2332589699)
[    4.821127] registered taskstats version 1
[    4.822667] Loading compiled-in X.509 certificates
[    4.831956] Loaded X.509 cert 'Build time autogenerated kernel key: 23ab6dbb0c403c734703deee310fa3a0854fa051'
[    4.832141] tsc: Refined TSC clocksource calibration: 2294.818 MHz
[    4.832152] clocksource: tsc: mask: 0xffffffffffffffff max_cycles: 0x211415cf79c, max_idle_ns: 440795268040 ns
[    4.842948] zswap: loaded using pool lzo/zbud
[    4.851485] Key type big_key registered
[    4.853076] Key type trusted registered
[    4.859381] Key type encrypted registered
[    4.866644] AppArmor: AppArmor sha1 policy hashing enabled
[    4.868583] ima: No TPM chip found, activating TPM-bypass! (rc=-19)
[    4.871804] evm: HMAC attrs: 0x1
[    4.874266]   Magic number: 2:349:766
[    4.876260] rtc_cmos rtc_cmos: setting system clock to 2018-05-24 03:47:20 UTC (1527133640)
[    4.895336] BIOS EDD facility v0.16 2004-Jun-25, 0 devices found
[    4.911871] EDD information not available.
[    4.927553] Freeing unused kernel memory: 2376K
[    4.930603] Write protecting the kernel read-only data: 18432k
[    4.934596] Freeing unused kernel memory: 2024K
[    4.967850] Freeing unused kernel memory: 96K
[    4.972145] x86/mm: Checked W+X mappings: passed, no W+X pages found.
[    4.976097] x86/mm: Checking user space page tables
[    4.981085] x86/mm: Checked W+X mappings: passed, no W+X pages found.
Loading, please wait...
starting version 234
[    5.168929] e1000: Intel(R) PRO/1000 Network Driver - version 7.3.21-k8-NAPI
[    5.172510] e1000: Copyright (c) 1999-2006 Intel Corporation.
[    5.201664] Fusion MPT base driver 3.04.20
[    5.232347] Copyright (c) 1999-2008 LSI Corporation
[    5.285062] Fusion MPT SPI Host driver 3.04.20
[    5.329479] AVX version of gcm_enc/dec engaged.
[    5.355479] AES CTR mode by8 optimization enabled
[    5.473960] input: ImExPS/2 Generic Explorer Mouse as /devices/platform/i8042/serio1/input/input4
[    5.725947] e1000 0000:00:03.0 eth0: (PCI:33MHz:32-bit) 02:77:f4:31:73:1a
[    5.790110] e1000 0000:00:03.0 eth0: Intel(R) PRO/1000 Network Connection
[    5.823429] e1000 0000:00:03.0 enp0s3: renamed from eth0
[    5.841975] mptbase: ioc0: Initiating bringup
[    5.952267] ioc0: LSI53C1030 A0: Capabilities={Initiator}
[    6.202708] scsi host2: ioc0: LSI53C1030 A0, FwRev=00000000h, Ports=1, MaxQ=256, IRQ=20
[    6.392799] scsi 2:0:0:0: Direct-Access     VBOX     HARDDISK         1.0  PQ: 0 ANSI: 5
[    6.410895] scsi target2:0:0: Beginning Domain Validation
[    6.520119] scsi target2:0:0: Domain Validation skipping write tests
[    6.546617] scsi target2:0:0: Ending Domain Validation
[    6.588681] scsi target2:0:0: asynchronous
[    6.671259] scsi 2:0:1:0: Direct-Access     VBOX     HARDDISK         1.0  PQ: 0 ANSI: 5
[    6.724220] scsi target2:0:1: Beginning Domain Validation
[    6.748050] scsi target2:0:1: Domain Validation skipping write tests
[    6.751383] scsi target2:0:1: Ending Domain Validation
[    6.753132] scsi target2:0:1: asynchronous
[    6.773971] sd 2:0:0:0: Attached scsi generic sg0 type 0
[    6.778402] sd 2:0:1:0: Attached scsi generic sg1 type 0
[    6.785685] sd 2:0:1:0: [sdb] 20480 512-byte logical blocks: (10.5 MB/10.0 MiB)
[    6.785841] sd 2:0:1:0: [sdb] Write Protect is off
[    6.786063] sd 2:0:1:0: [sdb] Incomplete mode parameter data
[    6.786065] sd 2:0:1:0: [sdb] Assuming drive cache: write through
[    6.796731] sd 2:0:1:0: [sdb] Attached SCSI disk
[    6.836372] sd 2:0:0:0: [sda] 20971520 512-byte logical blocks: (10.7 GB/10.0 GiB)
[    6.836523] sd 2:0:0:0: [sda] Write Protect is off
[    6.836663] sd 2:0:0:0: [sda] Incomplete mode parameter data
[    6.836665] sd 2:0:0:0: [sda] Assuming drive cache: write through
[    6.838122]  sda: sda1
[    6.839079] sd 2:0:0:0: [sda] Attached SCSI disk
[    8.412178] floppy0: no floppy controllers found
Begin: Loading essential drivers ... [   10.272118] raid6: sse2x1   gen()  4855 MB/s
[   10.364709] raid6: sse2x1   xor()  5113 MB/s
[   10.436100] raid6: sse2x2   gen()  7833 MB/s
[   10.540028] raid6: sse2x2   xor()  5769 MB/s
[   10.660379] raid6: sse2x4   gen() 10837 MB/s
[   10.744097] raid6: sse2x4   xor()  5917 MB/s
[   10.888645] raid6: using algorithm sse2x4 gen() 10837 MB/s
[   11.115919] raid6: .... xor() 5917 MB/s, rmw enabled
[   11.158221] raid6: using ssse3x2 recovery algorithm
[   11.401229] xor: automatically using best checksumming function   avx       
[   11.428847] async_tx: api initialized (async)
done.
Begin: Running /scripts/init-premount ... done.
Begin: Mounting root file system ... Begin: Running /scripts/local-top ... done.
Begin: Running /scripts/local-premount ... [   11.574830] Btrfs loaded, crc32c=crc32c-intel
Scanning for Btrfs filesystems
done.
Warning: fsck no[   11.705811] EXT4-fs (sda1): mounted filesystem with ordered data mode. Opts: (null)
t present, so skipping root file system
done.
Begin: Running /scripts/local-bottom ... done.
Begin: Running /scripts/init-bottom ... /scripts/init-bottom/plymouth: line 18: /bin/plymouth: not found
done.
[   11.938263] ip_tables: (C) 2000-2006 Netfilter Core Team
[   11.983426] systemd[1]: systemd 234 running in system mode. (+PAM +AUDIT +SELINUX +IMA +APPARMOR +SMACK +SYSVINIT +UTMP +LIBCRYPTSETUP +GCRYPT +GNUTLS +ACL +XZ +LZ4 +SECCOMP +BLKID +ELFUTILS +KMOD -IDN2 +IDN default-hierarchy=hybrid)
[   12.058097] systemd[1]: Detected virtualization oracle.
[   12.077264] systemd[1]: Detected architecture x86-64.

Welcome to [1mUbuntu 17.10[0m!

[   12.136640] systemd[1]: Set hostname to <ubuntu>.
[   12.189213] systemd[1]: Initializing machine ID from random generator.
[   12.237489] systemd[1]: Installed transient /etc/machine-id file.
[   12.540179] systemd[1]: Listening on LVM2 metadata daemon socket.
[[0;32m  OK  [0m] Listening on LVM2 metadata daemon socket.
[   12.652289] systemd[1]: Listening on Journal Audit Socket.
[[0;32m  OK  [0m] Listening on Journal Audit Socket.
[   12.720728] systemd[1]: Reached target System Time Synchronized.
[[0;32m  OK  [0m] Reached target System Time Synchronized.
[   12.852219] systemd[1]: Listening on Journal Socket.
[[0;32m  OK  [0m] Listening on Journal Socket.
[[0;32m  OK  [0m] Listening on Journal Socket (/dev/log).
[[0;32m  OK  [0m] Reached target Swap.
[[0;32m  OK  [0m] Listening on udev Kernel Socket.
[[0;32m  OK  [0m] Listening on udev Control Socket.
[[0;32m  OK  [0m] Created slice System Slice.
         Starting Load Kernel Mo[   13.166502] Loading iSCSI transport class v2.0-870.
dules...
[   13.238128] iscsi: registered transport (tcp)
         Mounting POSIX Message Queue File System...
[   13.304113] iscsi: registered transport (iser)
         Starting Set the console keyboard layout...
         Mounting Kernel Debug File System...
         Mounting Huge Pages File System...
[[0;32m  OK  [0m] Started Forward Password Requests to Wall Directory Watch.
[[0;32m  OK  [0m] Listening on Syslog Socket.
         Starting Journal Service...
         Starting Uncomplicated firewall...
[[0;32m  OK  [0m] Reached target User and Group Name Lookups.
[[0;32m  OK  [0m] Created slice User and Session Slice.
[[0;32m  OK  [0m] Reached target Slices.
         Starting Remount Root and Kernel File Systems...
         Startin[   13.615720] random: crng init done
g Create list of[   13.668335] EXT4-fs (sda1): re-mounted. Opts: (null)
 required st…ce nodes for the current kernel...
[[0;32m  OK  [0m] Listening on Device-mapper event daemon FIFOs.
         Starting Monitoring of LVM2 mirrors…ng dmeventd or progress polling...
[[0;32m  OK  [0m] Listening on Network Service Netlink Socket.
[[0;32m  OK  [0m] Set up automount Arbitrary Executab…rmats File System Automount Point.
[[0;32m  OK  [0m] Listening on LVM2 poll daemon socket.
[[0;32m  OK  [0m] Created slice system-serial\x2dgetty.slice.
[[0;32m  OK  [0m] Listening on /dev/initctl Compatibility Named Pipe.
[[0;32m  OK  [0m] Mounted Kernel Debug File System.
[[0;32m  OK  [0m] Mounted POSIX Message Queue File System.
[[0;32m  OK  [0m] Mounted Huge Pages File System.
[[0;32m  OK  [0m] Started Journal Service.
[[0;32m  OK  [0m] Started Load Kernel Modules.
[[0;32m  OK  [0m] Started Set the console keyboard layout.
[[0;32m  OK  [0m] Started Uncomplicated firewall.
[[0;32m  OK  [0m] Started Remount Root and Kernel File Systems.
[[0;32m  OK  [0m] Started Create list of required sta…vice nodes for the current kernel.
[[0;32m  OK  [0m] Started LVM2 metadata daemon.
         Starting Create Static Device Nodes in /dev...
         Starting udev Coldplug all Devices...
         Starting Load/Save Random Seed...
         Mounting FUSE Control File System...
         Mounting Kernel Configuration File System...
         Starting Apply Kernel Variables...
         Starting Flush Journal to Persistent Storage...
[[0;32m  OK  [0m] Mounted Kernel Configuration File System.
[[0;32m  OK  [0m] Mounted FUSE Control File System.
[[0;32m  OK  [0m] Started Monitoring of LVM2 mirrors,…sing dmeventd or progress polling.
[[0;32m  OK  [0m] Started Create Static Device Nodes in /dev.
[[0;32m  OK  [0m] Started Load/Save Random Seed.
[[0;32m  OK  [0m] Started Apply Kernel Variables.
[[0;32m  OK  [0m] Started udev Coldplug all Devices.
         Starting udev Kernel Device Manager...
[[0;32m  OK  [0m] Started Flush Journal to Persistent Storage.
[[0;32m  OK  [0m] Started udev Kernel Device Manager.
[[0;32m  OK  [0m] Reached target Local File Systems (Pre).
[[0;32m  OK  [0m] Reached target Local File Systems.
         Starting AppArmor initialization...
         Starting Set console font and keymap...
         Starting Commit a transient machine-id on disk...
         Starting Create Volatile Files and Directories...
         Starting Tell Plymouth To Write Out Runtime Data...
         Starting ebtables ruleset management...
         Starting Initial cloud-init job (pre-networking)...
[[0;32m  OK  [0m] Started Dispatch Password Requests to Console Directory Watch.
[[0;32m  OK  [0m] Reached target Encrypted Volumes.
[[0;32m  OK  [0m] Started Set console font and keymap.
[[0;32m  OK  [0m] Started Commit a transient machine-id on disk.
[[0;32m  OK  [0m] Started Create Volatile Files and Directories.
[[0;32m  OK  [0m] Started Tell Plymouth To Write Out Runtime Data.
[[0;32m  OK  [0m] Found device /dev/ttyS0.
[[0;32m  OK  [0m] Started ebtables ruleset management.
[[0;32m  OK  [0m] Listening on Load/Save RF Kill Switch Status /dev/rfkill Watch.
         Starting Update UTMP about System Boot/Shutdown...
[[0;32m  OK  [0m] Started Update UTMP about System Boot/Shutdown.
[[0;32m  OK  [0m] Started AppArmor initialization.
[   18.343224] cloud-init[435]: Cloud-init v. 18.2 running 'init-local' at Thu, 24 May 2018 03:47:33 +0000. Up 17.62 seconds.
[[0;32m  OK  [0m] Started Initial cloud-init job (pre-networking).
[[0;32m  OK  [0m] Reached target Network (Pre).
         Starting Network Service...
[[0;32m  OK  [0m] Started Network Service.
         Starting Wait for Network to be Configured...
[[0;32m  OK  [0m] Reached target Network.
         Starting Network Name Resolution...
[[0;32m  OK  [0m] Started Network Name Resolution.
[[0;32m  OK  [0m] Reached target Host and Network Name Lookups.
[[0m[0;31m*     [0m] A start job is running for Wait for… to be Configured (11s / no limit)[K[[0;1;31m*[0m[0;31m*    [0m] A start job is running for Wait for… to be Configured (12s / no limit)[K[[0;31m*[0;1;31m*[0m[0;31m*   [0m] A start job is running for Wait for… to be Configured (12s / no limit)[K[ [0;31m*[0;1;31m*[0m[0;31m*  [0m] A start job is running for Wait for… to be Configured (13s / no limit)[K[  [0;31m*[0;1;31m*[0m[0;31m* [0m] A start job is running for Wait for… to be Configured (13s / no limit)[K[   [0;31m*[0;1;31m*[0m[0;31m*[0m] A start job is running for Wait for… to be Configured (14s / no limit)[K[    [0;31m*[0;1;31m*[0m] A start job is running for Wait for… to be Configured (14s / no limit)[K[     [0;31m*[0m] A start job is running for Wait for… to be Configured (15s / no limit)[K[    [0;31m*[0;1;31m*[0m] A start job is running for Wait for… to be Configured (15s / no limit)[K[   [0;31m*[0;1;31m*[0m[0;31m*[0m] A start job is running for Wait for… to be Configured (16s / no limit)[K[  [0;31m*[0;1;31m*[0m[0;31m* [0m] A start job is running for Wait for… to be Configured (16s / no limit)[K[ [0;31m*[0;1;31m*[0m[0;31m*  [0m] A start job is running for Wait for… to be Configured (17s / no limit)[K[[0;31m*[0;1;31m*[0m[0;31m*   [0m] A start job is running for Wait for… to be Configured (17s / no limit)[K[[0;1;31m*[0m[0;31m*    [0m] A start job is running for Wait for… to be Configured (18s / no limit)[K[[0m[0;31m*     [0m] A start job is running for Wait for… to be Configured (18s / no limit)[K[[0;1;31m*[0m[0;31m*    [0m] A start job is running for Wait for… to be Configured (19s / no limit)[K[[0;31m*[0;1;31m*[0m[0;31m*   [0m] A start job is running for Wait for… to be Configured (19s / no limit)[K[[0;32m  OK  [0m] Started Wait for Network to be Configured.
         Starting Initial cloud-init job (metadata service crawler)...
[   35.445175] cloud-init[610]: Cloud-init v. 18.2 running 'init' at Thu, 24 May 2018 03:47:49 +0000. Up 33.43 seconds.
[   35.516799] cloud-init[610]: ci-info: +++++++++++++++++++++++++++++Net device info++++++++++++++++++++++++++++++
[[0;32m  OK  [0m] Started Initial cloud-init job (metadata service crawler).
[   35.611119] cloud-init[610]: ci-info: +---------+------+-----------+---------------+-------+-------------------+
[[0;32m  OK  [0m[   35.668072] cloud-init[610]: ci-info: |  Device |  Up  |  Address  |      Mask     | Scope |     Hw-Address    |
] Reached target System Initialization.
[   35.668323] cloud-init[610]: ci-info: +---------+------+-----------+---------------+-------+-------------------+
[[0;32m  OK  [0m] Started Daily Cleanup of Temporary Directories.
         Starting Socket activation for snappy daemon.
[   35.705761] cloud-init[610]: ci-info: | enp0s3: | True | 10.0.2.15 | 255.255.255.0 |   .   | 02:77:f4:31:73:1a |
         [   35.865019] Starting LXD - unix socket.cloud-init
[610]: ci-info: | enp0s3: | True |     .     |       .       |   d   | 02:77:f4:31:73:1a |
[   35.865200] cloud-init[610]: ci-info: |   lo:   | True | 127.0.0.1 |   255.0.0.0   |   .   |         .         |
[[0;32m  OK  [0m[   35.952364] ] cloud-initStarted systemd-resolved-update-resolvconf.path.[610]: 
ci-info: |   lo:   | True |     .     |       .       |   d   |         .         |
[   36.052504] cloud-init[610]: ci-info: +---------+------+-----------+---------------+-------+-------------------+
[   36.112446] cloud-init[610]: ci-info: ++++++++++++++++++++++++++++Route IPv4 info+++++++++++++++++++++++++++++
[[0;32m  OK  [0m[   36.116330] cloud-init[610]: ci-info: +-------+-------------+----------+-----------------+-----------+-------+
[   36.116695] cloud-init[610]: ci-info: | Route | Destination | Gateway  |     Genmask     | Interface | Flags |
] Started ACPI Events Check.
[   36.118680] cloud-init[610]: ci-info: +-------+-------------+----------+-----------------+-----------+-------+
[[0;32m  OK  [0m] Reached target Paths.
[   36.204443] cloud-init[610]: ci-info: |   0   |   0.0.0.0   | 10.0.2.2 |     0.0.0.0     |   enp0s3  |   UG  |
[[0;32m  OK  [0m[   36.303765] ] cloud-initListening on ACPID Listen Socket.[610]: 
ci-info: |   1   |   10.0.2.0  | 0.0.0.0  |  255.255.255.0  |   enp0s3  |   U   |
[[0;32m  OK  [0m] [   36.424390] Started Daily apt download activities.cloud-init
[610]: ci-info: |   2   |   10.0.2.2  | 0.0.0.0  | 255.255.255.255 |   enp0s3  |   UH  |
[[0;32m  OK  [0m[   36.443919] ] cloud-initStarted Daily apt upgrade and clean activities.[610]: 
ci-info: +-------+-------------+----------+-----------------+-----------+-------+
[   36.495022] cloud-init[610]: Generating public/private rsa key pair.
[[0;32m  OK  [0m[   36.525300] cloud-init[610]: Your identification has been saved in /etc/ssh/ssh_host_rsa_key.
[   36.525657] ] cloud-initStarted Message of the Day.[610]: 
Your public key has been saved in /etc/ssh/ssh_host_rsa_key.pub.
[[0;32m  OK  [0m[   36.541945] cloud-init[610]: The key fingerprint is:
[   36.542459] cloud-init[610]: SHA256:nVwBcAP0lEot/dhYMovnzv+8zw/QpU8cABumJ5+nm2c root@ubuntu-artful
] Reached target Timers.
[[0;32m  OK  [0m] Listening on D-Bus System Message Bus Socket.
[[0;32m  OK  [0m] Listening on UUID daemon activation socket.
[[0;32m  OK  [0m] Reached target Cloud-config availability.
[   36.542734] cloud-init[610]: The key's randomart image is:
[[0;32m  OK  [0m] Reached target Network is Online.
[   36.623242] cloud-init[610]: +---[RSA 2048]----+
[   36.708206] cloud-init[610]: |       .+==*o.   |
         Starting iSCSI initiator daemon (iscsid)...
[   36.732527] cloud-init[610]: |        o+O.+..  |
[[0;32m  OK  [0m[   36.796823] cloud-init[610]: |       . *.%.  ..|
[   36.797280] cloud-init[610]: |        ooOo+. +.|
] Listening on Socket activation for snappy daemon.
[   36.797615] cloud-init[610]: |        So+o..o o|
[   36.884440] cloud-init[610]: |          . o. o |
[   36.904745] cloud-init[610]: |         o .  . .|
[[0;32m  OK  [0m[   36.918021] cloud-init[610]: |          o oE o |
[   36.918497] cloud-init[610]: |           ++.+o=|
] Listening on LXD - unix socket.[   36.919273] cloud-init[610]: +----[SHA256]-----+
[   36.919871] cloud-init[610]: Generating public/private dsa key pair.

[   36.920234] cloud-init[610]: Your identification has been saved in /etc/ssh/ssh_host_dsa_key.
[[0;32m  OK  [0m] Reached target Sockets.
[[0;32m  OK  [0m] Reached target Basic System.[   37.000757] cloud-init[610]: Your public key has been saved in /etc/ssh/ssh_host_dsa_key.pub.

[   37.005815] cloud-init[610]: The key fingerprint is:
         Starting System Logging Service...
[   37.091587] cloud-init[610]: SHA256:VPUMWTnNotNA1v3GiU5bHBHDtPB3ExBvLko5yCeu3ck root@ubuntu-artful
[[0;32m  OK  [0m[   37.177189] cloud-init[610]: The key's randomart image is:
] Started irqbalance daemon.
         Starting LXD - container startup/shutdown...
[   37.178708] cloud-init[610]: +---[DSA 1024]----+
[   37.260547] cloud-init[610]: |          .o=B*@o|
[[   37.297345] cloud-init[610]: |         . .o+OoB|
[   37.298588] cloud-init[610]: |        .    +=X*|
[0;32m  OK  [0m] Started Unattended Upgrades Shutdown.
[   37.310560] cloud-init[610]: |       .. . +o++B|
         Starting LSB: Record successful boot for GRUB...
[[0;32m  OK  [0m] Started Deferred execution scheduler.
[   37.482220] cloud-init[610]: |        S+ =oooo |
[   37.604292] cloud-init[610]: |        . + oo.  |
[   37.656366] cloud-init[610]: |         . .     |
[[0;32m  OK  [0m] Started Regular background program processing daemon.
[   37.720948] cloud-init[610]:          Starting Virtualbox guest utils...
|        o o .    |         Starting Accounts Service...

[   37.743407] cloud-init[610]: |       . . E     |
[   37.780623] cloud-init[610]: +----[SHA256]-----+
[   37.803788] cloud-init[610]: Generating public/private ecdsa key pair.
[   37.807822] cloud-init[610]: Your identification has been saved in /etc/ssh/ssh_host_ecdsa_key.
[   37.817662]          Starting Pollinate to seed the pseudo random number generator...
[[0;32m  OK  [0m] Started FUSE filesystem for LXC.
         Starting Login Service...
cloud-init[610]: [[0;32m  OK  [0m] Started D-Bus System Message Bus.
Your public key has been saved in /etc/ssh/ssh_host_ecdsa_key.pub.
[   37.847505] cloud-init[610]: The key fingerprint is:
[   37.860730] cloud-init[610]: SHA256:QNxnsfHMhEknhNS+O3zi734FvR/FwTu7elyld+pWkHk root@ubuntu-artful
[   37.866170] cloud-init[610]: The key's randomart image is:
[   37.897224] cloud-init[610]: +---[ECDSA 256]---+
[   37.943045] cloud-init[610]: |     ..o.=*+o .  |
[   37.946433] cloud-init[610]: |     .. o *X   o |
         Starting Apply the settings specified in cloud-config...
[   37.960908] cloud-init[610]: |      .  +. +  =o|
[   37.968759] cloud-init[610]: |       .  .   =oE|
[   37.972385] cloud-init[610]: |        S  .   =*|
[   37.974733] cloud-init[610]: |          .   .+*|
[   37.997011] cloud-init[610]: |         . .  .=*|
[   38.005400] cloud-init[610]: |          = . ++.|
         Starting Snappy daemon...
[   38.055608] cloud-init[610]: |         ..B+=+  |
[   38.110838] [cloud-init[0;32m  OK  [0m[610]: ] +----[SHA256]-----+Started System Logging Service.

[[0;32m  OK  [0m] Started iSCSI initiator daemon (iscsid).
[   38.211423] cloud-init[610]: Generating public/private ed25519 key pair.
[[   38.294009] cloud-init[610]: Your identification has been saved in /etc/ssh/ssh_host_ed25519_key.
[   38.294453] cloud-init[610]: Your public key has been saved in /etc/ssh/ssh_host_ed25519_key.pub.
[0;32m  OK  [0m] Reached target Remote File Systems (Pre).
[   38.298175] cloud-init[610]: The key fingerprint is:
[[   38.441749] cloud-init[610]: SHA256:pBFIh5zM6nAFTl9t5JJjw8pqPa7n/o0yH3tOoM4JOeo root@ubuntu-artful
[   38.442152] cloud-init[610]: [0;32m  OK  [0m] Reached target Remote File Systems.
         Starting LSB: automatic crash report generation...
         Starting Permit User Sessions...
[[0;32m  OK  [0m] Started LSB: Record successful boot for GRUB.
[[0;32m  OK  [0m] Started Login Service.
The key's randomart image is:
[[0;32m  OK  [0m] Started Permit User Sessions.
[   38.801761] cloud-init[610]: +--[ED25519 256]--+
[[0;32m  OK  [0m] Started LXD - container startup/shutdown.
[   38.856889] cloud-init[610]: |  o*.++o.        |
         [   38.941202] Starting Hold until boot process finishes up...cloud-init
[610]: | o .O+ +o        |
[   39.056831] cloud-init[610]: |  .o. O.o        |
         Starting Terminate Plymouth Boot Screen...
         Starting Authorization Manager...
[   39.195537] cloud-init[610]: |. o. o B         |
[[0;32m  OK  [0m] [   39.370086] Started Snappy daemon.cloud-init
[610]: | +  o o S        |
[[0;32m  OK  [0m[   39.478816] ] cloud-initStarted Virtualbox guest utils.[610]: 
|  .+ . .         |
[[0;32m  OK  [0m] Started Hold until boot process finishes up.
[   39.554182] cloud-init[610]: |  * + . .        |
[   39.563593] cloud-init[610]: | o *+o *.        |
[   39.565576] cloud-init[610]: |oE.=B==oo        |
[   39.565774] cloud-init[610]: +----[SHA256]-----+
[[0;32m  OK  [0m] Started Terminate Plymouth Boot Screen.
[[0;32m  OK  [0m] Started Authorization Manager.
[[0;32m  OK  [0m] Started Accounts Service.
[[0;32m  OK  [0m] Started Serial Getty on ttyS0.
         Starting Set console scheme...
[[0;32m  OK  [0m] Started LSB: automatic crash report generation.
[[0;32m  OK  [0m] Started Set console scheme.
[[0;32m  OK  [0m] Created slice system-getty.slice.
[[0;32m  OK  [0m] Started Getty on tty1.
[[0;32m  OK  [0m] Reached target Login Prompts.
[   41.339246] cloud-init[831]: Cloud-init v. 18.2 running 'modules:config' at Thu, 24 May 2018 03:47:55 +0000. Up 39.71 seconds.
[[0;32m  OK  [0m] Started Apply the settings specified in cloud-config.
[[0;32m  OK  [0m] Started Pollinate to seed the pseudo random number generator.
         Starting OpenBSD Secure Shell server...
[[0;32m  OK  [0m] Started OpenBSD Secure Shell server.
[[0;32m  OK  [0m] Reached target Multi-User System.
[[0;32m  OK  [0m] Reached target Graphical Interface.
         Starting Update UTMP about System Runlevel Changes...
         Starting Execute cloud user/final scripts...
[[0;32m  OK  [0m] Started Update UTMP about System Runlevel Changes.
[[0;32m  OK  [0m] Created slice User Slice of vagrant.
         Starting User Manager for UID 1000...
[[0;32m  OK  [0m] Started Session 1 of user vagrant.
[[0;32m  OK  [0m] Started User Manager for UID 1000.
ci-info: no authorized ssh keys fingerprints found for user ubuntu.
<14>May 24 03:47:59 ec2: 
<14>May 24 03:47:59 ec2: #############################################################
<14>May 24 03:47:59 ec2: -----BEGIN SSH HOST KEY FINGERPRINTS-----
<14>May 24 03:47:59 ec2: 1024 SHA256:VPUMWTnNotNA1v3GiU5bHBHDtPB3ExBvLko5yCeu3ck root@ubuntu-artful (DSA)
<14>May 24 03:47:59 ec2: 256 SHA256:QNxnsfHMhEknhNS+O3zi734FvR/FwTu7elyld+pWkHk root@ubuntu-artful (ECDSA)
<14>May 24 03:47:59 ec2: 256 SHA256:pBFIh5zM6nAFTl9t5JJjw8pqPa7n/o0yH3tOoM4JOeo root@ubuntu-artful (ED25519)
<14>May 24 03:47:59 ec2: 2048 SHA256:nVwBcAP0lEot/dhYMovnzv+8zw/QpU8cABumJ5+nm2c root@ubuntu-artful (RSA)
<14>May 24 03:47:59 ec2: -----END SSH HOST KEY FINGERPRINTS-----
<14>May 24 03:47:59 ec2: #############################################################
-----BEGIN SSH HOST KEY KEYS-----
ecdsa-sha2-nistp256 AAAAE2VjZHNhLXNoYTItbmlzdHAyNTYAAAAIbmlzdHAyNTYAAABBBAkN5Aim4ntemDQ+AG2IWFxBOkRbESe9ImSD7qKrKuo2NEJEs/zO9YUho1XedDuGgrSZVJMNiYtnOqvG8pJxymc= root@ubuntu-artful
ssh-ed25519 AAAAC3NzaC1lZDI1NTE5AAAAIGPAB6pwviPwK1YsB1bzVBM2Zk4e24PncpuUnxACzEs1 root@ubuntu-artful
ssh-rsa AAAAB3NzaC1yc2EAAAADAQABAAABAQDizRdjVJTCz/tMO3k9/L+ihYjDoWycBmF+TFH+/L2mtxKXzObSS/ultJYAlke+ydAcONtRUsvBuvvRPGD6chzLEClIrdqNqH7vs21YJScDJUG62x4Ou4ODTGPkMcOT8eZld5nBDu8l7twwFw+cIe494pvYk24lbTZhMcfUao5l9BAp9Rqh6sGRuMx1vjrRTYoqd+M9YRxVyTXrMT8zFnNK30X2cyCFinHrNiTt3KL/+2JHsLwPr51zOdrh/E5vTfHLyyzHgFdCuYqwDljYjfl9bykJK93J9c8+NMQ/iLLerxBJp4dpqOxrpKSAhwT2zGVdNF5RIkv0zGGZOjsDgMkZ root@ubuntu-artful
-----END SSH HOST KEY KEYS-----
[   44.350638] cloud-init[1096]: Cloud-init v. 18.2 running 'modules:final' at Thu, 24 May 2018 03:47:58 +0000. Up 42.80 seconds.
[   44.432516] cloud-init[1096]: ci-info: no authorized ssh keys fingerprints found for user ubuntu.
[[0;32m  OK  [0m[   44.504551] cloud-init[1096]: Cloud-init v. 18.2 finished at Thu, 24 May 2018 03:47:59 +0000. Datasource DataSourceNoCloud [seed=/dev/sdb][dsmode=net].  Up 44.32 seconds
] Started Execute cloud user/final scripts.
[[0;32m  OK  [0m] Reached target Cloud-init target.

Ubuntu 17.10 ubuntu-artful ttyS0

ubuntu-artful login:          Stopping ACPI event daemon...
[[0;32m  OK  [0m] Stopped target Graphical Interface.
[[0;32m  OK  [0m] Closed Load/Save RF Kill Switch Status /dev/rfkill Watch.
         Stopping Session 14 of user vagrant.
[[0;32m  OK  [0m] Stopped target Timers.
[[0;32m  OK  [0m] Stopped Daily Cleanup of Temporary Directories.
[[0;32m  OK  [0m] Stopped target Cloud-init target.
[[0;32m  OK  [0m] Stopped Execute cloud user/final scripts.
[[0;32m  OK  [0m] Stopped Apply the settings specified in cloud-config[[0;32m  OK  [0m] Unmounted /var/lib/lxcfs.
[[0;32m  OK  [0m] Stopped Getty on tty1.
[[0;32m  OK  [0m] Stopped Serial Getty on ttyS0.
[[0;32m  OK  [0m] Stopped Authorization Manager.
[[0;32m  OK  [0m] Stopped OpenBSD Secure Shell server.
[[0;32m  OK  [0m] Stopped ACPI event daemon.
[[0;32m  OK  [0m] Stopped Tool to automatically colle…nd submit kernel crash signatures.
[[0;32m  OK  [0m] Stopped Disk Manager.
[[0;32m  OK  [0m] Stopped crash report submission daemon.
[[0;32m  OK  [0m] Stopped PackageKit Daemon.
[[0;32m  OK  [0m] Stopped Make remote CUPS printers available locally.
[[0;32m  OK  [0m] Stopped Modem Manager.
[[0;32m  OK  [0m] Stopped User Manager for UID 1000.
[[0;32m  OK  [0m] Stopped D-Bus System Message Bus.
[[0;32m  OK  [0m] Stopped Unattended Upgrades Shutdown.
[[0;32m  OK  [0m] Stopped FUSE filesystem for LXC.
[[0;32m  OK  [0m] Stopped Session 14 of user vagrant.
[[0;32m  OK  [0m] Removed slice User Slice of vagrant.
         Stopping Login Service...
         Stopping CUPS Scheduler...
         Stopping Avahi mDNS/DNS-SD Stack...
[[0;32m  OK  [0m] Stopped target Host and Network Name Lookups.
[[0;32m  OK  [0m] Stopped target System Time Synchronized.
[[0;32m  OK  [0m] Removed slice system-serial\x2dgetty.slice.
[[0;32m  OK  [0m] Removed slice system-getty.slice.
         Stopping Permit User Sessions...
[[0;32m  OK  [0m] Stopped Login Service.
[[0;32m  OK  [0m] Stopped CUPS Scheduler.
[[0;32m  OK  [0m] Stopped Avahi mDNS/DNS-SD Stack.
[[0;32m  OK  [0m] Stopped LSB: Record successful boot for GRUB.
[[0;32m  OK  [0m] Stopped LXD - container startup/shutdown.
[[0;32m  OK  [0m] Stopped Virtualbox guest utils.
[[0;32m  OK  [0m] Stopped LSB: automatic crash report generation.
[[0;32m  OK  [0m] Stopped LSB: Speech Dispatcher.
[[0;32m  OK  [0m] Stopped Permit User Sessions.
[[0;32m  OK  [0m] Stopped target Remote File Systems.
[[0;32m  OK  [0m] Stopped target Remote File Systems (Pre).
         Stopping iSCSI initiator daemon (iscsid)...
[[0;32m  OK  [0m] Stopped target User and Group Name Lookups.
[[0;32m  OK  [0m] Stopped iSCSI initiator daemon (iscsid).
[[0;32m  OK  [0m] Stopped Docker Application Container Engine.
[[0;32m  OK  [0m] Stopped target Network is Online.
[[0;32m  OK  [0m] Stopped target Network.
[[0;32m  OK  [0m] Stopped target Basic System.
[[0;32m  OK  [0m] Stopped target Slices.
[[0;32m  OK  [0m] Removed slice User and Session Slice.
[[0;32m  OK  [0m] Stopped target Sockets.
[[0;32m  OK  [0m] Closed ACPID Listen Socket.
[[0;32m  OK  [0m] Closed UUID daemon activation socket.
[[0;32m  OK  [0m] Closed Socket activation for snappy daemon.
[[0;32m  OK  [0m] Closed D-Bus System Message Bus Socket.
[[0;32m  OK  [0m] Closed Avahi mDNS/DNS-SD Stack Activation Socket.
[[0;32m  OK  [0m] Closed Syslog Socket.
[[0;32m  OK  [0m] Closed LXD - unix socket.
[[0;32m  OK  [0m] Stopped target Paths.
[[0;32m  OK  [0m] Stopped ACPI Events Check.
[[0;32m  OK  [0m] Stopped systemd-resolved-update-resolvconf.path.
[[0;32m  OK  [0m] Closed Docker Socket for the API.
[[0;32m  OK  [0m] Stopped target System Initialization.
[[0;32m  OK  [0m] Stopped Initial cloud-init job (metadata service crawler).
[[0;32m  OK  [0m] Stopped Wait for Network to be Configured.
         Stopping Network Service...
         Stopping Update UTMP about System Boot/Shutdown...
[[0;32m  OK  [0m] Stopped target Swap.
[[0;32m  OK  [0m] Stopped target Encrypted Volumes.
[[0;32m  OK  [0m] Stopped Dispatch Password Requests to Console Directory Watch.
[[0;32m  OK  [0m] Stopped Forward Password Requests to Wall Directory Watch.
         Stopping Load/Save Random Seed...
[[0;32m  OK  [0m] Stopped Commit a transient machine-id on disk.
[[0;32m  OK  [0m] Stopped Network Service.
[[0;32m  OK  [0m] Stopped Load/Save Random Seed.
[[0;32m  OK  [0m] Stopped target Network (Pre).
[[0;32m  OK  [0m] Stopped Initial cloud-init job (pre-networking).
[[0;32m  OK  [0m] Stopped Apply Kernel Variables.
[[0;32m  OK  [0m] Stopped Load Kernel Modules.
[[0;32m  OK  [0m] Stopped Update UTMP about System Boot/Shutdown.
[[0;32m  OK  [0m] Stopped Create Volatile Files and Directories.
[[0;32m  OK  [0m] Stopped target Local File Systems.
         Unmounting /vagrant...
         Unmounting /run/user/1000...
[[0;32m  OK  [0m] Unmounted /vagrant.
[[0;32m  OK  [0m] Unmounted /run/user/1000.
[[0;32m  OK  [0m] Reached target Unmount All Filesystems.
[[0;32m  OK  [0m] Stopped target Local File Systems (Pre).
         Stopping Monitoring of LVM2 mirrors…ng dmeventd or progress polling...
[[0;32m  OK  [0m] Stopped Create Static Device Nodes in /dev.
[[0;32m  OK  [0m] Stopped Remount Root and Kernel File Systems.
[[0;32m  OK  [0m] Reached target Shutdown.
[23447.884080] reboot: Restarting system
[    0.000000] random: get_random_bytes called from start_kernel+0x42/0x4e9 with crng_init=0
[    0.000000] Linux version 4.13.0-43-generic (buildd@lgw01-amd64-026) (gcc version 7.2.0 (Ubuntu 7.2.0-8ubuntu3.2)) #48-Ubuntu SMP Wed May 16 12:18:48 UTC 2018 (Ubuntu 4.13.0-43.48-generic 4.13.16)
[    0.000000] Command line: BOOT_IMAGE=/boot/vmlinuz-4.13.0-43-generic root=LABEL=cloudimg-rootfs ro console=tty1 console=ttyS0
[    0.000000] KERNEL supported cpus:
[    0.000000]   Intel GenuineIntel
[    0.000000]   AMD AuthenticAMD
[    0.000000]   Centaur CentaurHauls
[    0.000000] x86/fpu: Supporting XSAVE feature 0x001: 'x87 floating point registers'
[    0.000000] x86/fpu: Supporting XSAVE feature 0x002: 'SSE registers'
[    0.000000] x86/fpu: Supporting XSAVE feature 0x004: 'AVX registers'
[    0.000000] x86/fpu: xstate_offset[2]:  576, xstate_sizes[2]:  256
[    0.000000] x86/fpu: Enabled xstate features 0x7, context size is 832 bytes, using 'standard' format.
[    0.000000] e820: BIOS-provided physical RAM map:
[    0.000000] BIOS-e820: [mem 0x0000000000000000-0x000000000009fbff] usable
[    0.000000] BIOS-e820: [mem 0x000000000009fc00-0x000000000009ffff] reserved
[    0.000000] BIOS-e820: [mem 0x00000000000f0000-0x00000000000fffff] reserved
[    0.000000] BIOS-e820: [mem 0x0000000000100000-0x000000007ffeffff] usable
[    0.000000] BIOS-e820: [mem 0x000000007fff0000-0x000000007fffffff] ACPI data
[    0.000000] BIOS-e820: [mem 0x00000000fec00000-0x00000000fec00fff] reserved
[    0.000000] BIOS-e820: [mem 0x00000000fee00000-0x00000000fee00fff] reserved
[    0.000000] BIOS-e820: [mem 0x00000000fffc0000-0x00000000ffffffff] reserved
[    0.000000] NX (Execute Disable) protection: active
[    0.000000] random: fast init done
[    0.000000] SMBIOS 2.5 present.
[    0.000000] DMI: innotek GmbH VirtualBox/VirtualBox, BIOS VirtualBox 12/01/2006
[    0.000000] Hypervisor detected: KVM
[    0.000000] tsc: Using PIT calibration value
[    0.000000] e820: last_pfn = 0x7fff0 max_arch_pfn = 0x400000000
[    0.000000] MTRR: Disabled
[    0.000000] x86/PAT: MTRRs disabled, skipping PAT initialization too.
[    0.000000] CPU MTRRs all blank - virtualized system.
[    0.000000] x86/PAT: Configuration [0-7]: WB  WT  UC- UC  WB  WT  UC- UC  
[    0.000000] found SMP MP-table at [mem 0x0009fff0-0x0009ffff] mapped at [ffff8b638009fff0]
[    0.000000] Scanning 1 areas for low memory corruption
[    0.000000] RAMDISK: [mem 0x355f7000-0x36af2fff]
[    0.000000] ACPI: Early table checksum verification disabled
[    0.000000] ACPI: RSDP 0x00000000000E0000 000024 (v02 VBOX  )
[    0.000000] ACPI: XSDT 0x000000007FFF0030 00003C (v01 VBOX   VBOXXSDT 00000001 ASL  00000061)
[    0.000000] ACPI: FACP 0x000000007FFF00F0 0000F4 (v04 VBOX   VBOXFACP 00000001 ASL  00000061)
[    0.000000] ACPI: DSDT 0x000000007FFF0470 0021FF (v02 VBOX   VBOXBIOS 00000002 INTL 20160108)
[    0.000000] ACPI: FACS 0x000000007FFF0200 000040
[    0.000000] ACPI: FACS 0x000000007FFF0200 000040
[    0.000000] ACPI: APIC 0x000000007FFF0240 00005C (v02 VBOX   VBOXAPIC 00000001 ASL  00000061)
[    0.000000] ACPI: SSDT 0x000000007FFF02A0 0001CC (v01 VBOX   VBOXCPUT 00000002 INTL 20160108)
[    0.000000] No NUMA configuration found
[    0.000000] Faking a node at [mem 0x0000000000000000-0x000000007ffeffff]
[    0.000000] NODE_DATA(0) allocated [mem 0x7ffc5000-0x7ffeffff]
[    0.000000] kvm-clock: Using msrs 4b564d01 and 4b564d00
[    0.000000] kvm-clock: cpu 0, msr 0:7ff45001, primary cpu clock
[    0.000000] kvm-clock: using sched offset of 23457354709702 cycles
[    0.000000] clocksource: kvm-clock: mask: 0xffffffffffffffff max_cycles: 0x1cd42e4dffb, max_idle_ns: 881590591483 ns
[    0.000000] Zone ranges:
[    0.000000]   DMA      [mem 0x0000000000001000-0x0000000000ffffff]
[    0.000000]   DMA32    [mem 0x0000000001000000-0x000000007ffeffff]
[    0.000000]   Normal   empty
[    0.000000]   Device   empty
[    0.000000] Movable zone start for each node
[    0.000000] Early memory node ranges
[    0.000000]   node   0: [mem 0x0000000000001000-0x000000000009efff]
[    0.000000]   node   0: [mem 0x0000000000100000-0x000000007ffeffff]
[    0.000000] Initmem setup node 0 [mem 0x0000000000001000-0x000000007ffeffff]
[    0.000000] ACPI: PM-Timer IO Port: 0x4008
[    0.000000] IOAPIC[0]: apic_id 2, version 32, address 0xfec00000, GSI 0-23
[    0.000000] ACPI: INT_SRC_OVR (bus 0 bus_irq 0 global_irq 2 dfl dfl)
[    0.000000] ACPI: INT_SRC_OVR (bus 0 bus_irq 9 global_irq 9 high level)
[    0.000000] Using ACPI (MADT) for SMP configuration information
[    0.000000] smpboot: Allowing 2 CPUs, 0 hotplug CPUs
[    0.000000] PM: Registered nosave memory: [mem 0x00000000-0x00000fff]
[    0.000000] PM: Registered nosave memory: [mem 0x0009f000-0x0009ffff]
[    0.000000] PM: Registered nosave memory: [mem 0x000a0000-0x000effff]
[    0.000000] PM: Registered nosave memory: [mem 0x000f0000-0x000fffff]
[    0.000000] e820: [mem 0x80000000-0xfebfffff] available for PCI devices
[    0.000000] Booting paravirtualized kernel on KVM
[    0.000000] clocksource: refined-jiffies: mask: 0xffffffff max_cycles: 0xffffffff, max_idle_ns: 7645519600211568 ns
[    0.000000] setup_percpu: NR_CPUS:8192 nr_cpumask_bits:2 nr_cpu_ids:2 nr_node_ids:1
[    0.000000] percpu: Embedded 45 pages/cpu @ffff8b63ffc00000 s146584 r8192 d29544 u1048576
[    0.000000] PV qspinlock hash table entries: 256 (order: 0, 4096 bytes)
[    0.000000] Built 1 zonelists in Node order, mobility grouping on.  Total pages: 515961
[    0.000000] Policy zone: DMA32
[    0.000000] Kernel command line: BOOT_IMAGE=/boot/vmlinuz-4.13.0-43-generic root=LABEL=cloudimg-rootfs ro console=tty1 console=ttyS0
[    0.000000] PID hash table entries: 4096 (order: 3, 32768 bytes)
[    0.000000] Memory: 2015372K/2096696K available (12300K kernel code, 2482K rwdata, 4000K rodata, 2376K init, 2372K bss, 81324K reserved, 0K cma-reserved)
[    0.000000] SLUB: HWalign=64, Order=0-3, MinObjects=0, CPUs=2, Nodes=1
[    0.000000] Kernel/User page tables isolation: enabled
[    0.000000] ftrace: allocating 37865 entries in 148 pages
[    0.004000] Hierarchical RCU implementation.
[    0.004000] 	RCU restricting CPUs from NR_CPUS=8192 to nr_cpu_ids=2.
[    0.004000] 	Tasks RCU enabled.
[    0.004000] RCU: Adjusting geometry for rcu_fanout_leaf=16, nr_cpu_ids=2
[    0.004000] NR_IRQS: 524544, nr_irqs: 440, preallocated irqs: 16
[    0.004000] Console: colour VGA+ 80x25
[    0.004000] console [tty1] enabled
[    0.004000] console [ttyS0] enabled
[    0.004000] tsc: Detected 2294.690 MHz processor
[    0.004000] Calibrating delay loop (skipped) preset value.. 4589.38 BogoMIPS (lpj=9178760)
[    0.004008] pid_max: default: 32768 minimum: 301
[    0.008022] ACPI: Core revision 20170531
[    0.013143] ACPI: 2 ACPI AML tables successfully acquired and loaded
[    0.016038] Security Framework initialized
[    0.020014] Yama: becoming mindful.
[    0.024037] AppArmor: AppArmor initialized
[    0.028628] Dentry cache hash table entries: 262144 (order: 9, 2097152 bytes)
[    0.032550] Inode-cache hash table entries: 131072 (order: 8, 1048576 bytes)
[    0.036031] Mount-cache hash table entries: 4096 (order: 3, 32768 bytes)
[    0.040019] Mountpoint-cache hash table entries: 4096 (order: 3, 32768 bytes)
[    0.044345] CPU: Physical Processor ID: 0
[    0.048009] CPU: Processor Core ID: 0
[    0.052027] FEATURE SPEC_CTRL Not Present
[    0.056013] mce: CPU supports 0 MCE banks
[    0.060032] Last level iTLB entries: 4KB 64, 2MB 8, 4MB 8
[    0.064009] Last level dTLB entries: 4KB 64, 2MB 0, 4MB 0, 1GB 4
[    0.068007] Spectre V2 mitigation: Mitigation: Full generic retpoline
[    0.072009] Spectre V2 mitigation: Speculation control IBPB not-supported IBRS not-supported
[    0.072010] Speculative Store Bypass: Vulnerable
[    0.080122] Freeing SMP alternatives memory: 36K
[    0.089220] smpboot: Max logical packages: 1
[    0.092450] x2apic enabled
[    0.096010] Switched APIC routing to physical x2apic.
[    0.101156] ..TIMER: vector=0x30 apic1=0 pin1=2 apic2=-1 pin2=-1
[    0.108000] smpboot: CPU0: Intel(R) Core(TM) i5-5300U CPU @ 2.30GHz (family: 0x6, model: 0x3d, stepping: 0x4)
[    0.108094] Performance Events: unsupported p6 CPU model 61 no PMU driver, software events only.
[    0.112068] Hierarchical SRCU implementation.
[    0.116678] smp: Bringing up secondary CPUs ...
[    0.120130] x86: Booting SMP configuration:
[    0.124008] .... node  #0, CPUs:      #1
[    0.004000] kvm-clock: cpu 1, msr 0:7ff45041, secondary cpu clock
[    0.004000] mce: CPU supports 0 MCE banks
[    0.144026] smp: Brought up 1 node, 2 CPUs
[    0.148012] smpboot: Total of 2 processors activated (9178.76 BogoMIPS)
[    0.150589] devtmpfs: initialized
[    0.152077] x86/mm: Memory block size: 128MB
[    0.156216] evm: security.selinux
[    0.160008] evm: security.SMACK64
[    0.164007] evm: security.SMACK64EXEC
[    0.168007] evm: security.SMACK64TRANSMUTE
[    0.172006] evm: security.SMACK64MMAP
[    0.176007] evm: security.ima
[    0.176868] evm: security.capability
[    0.177904] clocksource: jiffies: mask: 0xffffffff max_cycles: 0xffffffff, max_idle_ns: 7645041785100000 ns
[    0.180023] futex hash table entries: 512 (order: 3, 32768 bytes)
[    0.184101] pinctrl core: initialized pinctrl subsystem
[    0.188178] RTC time: 10:18:10, date: 05/24/18
[    0.192179] NET: Registered protocol family 16
[    0.196228] cpuidle: using governor ladder
[    0.200026] cpuidle: using governor menu
[    0.201066] PCCT header not found.
[    0.204074] ACPI: bus type PCI registered
[    0.205083] acpiphp: ACPI Hot Plug PCI Controller Driver version: 0.5
[    0.206676] PCI: Using configuration type 1 for base access
[    0.212514] HugeTLB registered 2.00 MiB page size, pre-allocated 0 pages
[    0.216113] ACPI: Added _OSI(Module Device)
[    0.220011] ACPI: Added _OSI(Processor Device)
[    0.224011] ACPI: Added _OSI(3.0 _SCP Extensions)
[    0.228009] ACPI: Added _OSI(Processor Aggregator Device)
[    0.232283] ACPI: Executed 1 blocks of module-level executable AML code
[    0.242098] ACPI: Interpreter enabled
[    0.244033] ACPI: (supports S0 S5)
[    0.248011] ACPI: Using IOAPIC for interrupt routing
[    0.252194] PCI: Using host bridge windows from ACPI; if necessary, use "pci=nocrs" and report a bug
[    0.256161] ACPI: Enabled 2 GPEs in block 00 to 07
[    0.268188] ACPI: PCI Root Bridge [PCI0] (domain 0000 [bus 00-ff])
[    0.272015] acpi PNP0A03:00: _OSC: OS supports [ASPM ClockPM Segments MSI]
[    0.276060] acpi PNP0A03:00: _OSC: not requesting OS control; OS requires [ExtendedConfig ASPM ClockPM MSI]
[    0.280021] acpi PNP0A03:00: fail to add MMCONFIG information, can't access extended PCI configuration space under this bridge.
[    0.284263] PCI host bridge to bus 0000:00
[    0.288022] pci_bus 0000:00: root bus resource [io  0x0000-0x0cf7 window]
[    0.292010] pci_bus 0000:00: root bus resource [io  0x0d00-0xffff window]
[    0.296020] pci_bus 0000:00: root bus resource [mem 0x000a0000-0x000bffff window]
[    0.300011] pci_bus 0000:00: root bus resource [mem 0x80000000-0xffdfffff window]
[    0.304021] pci_bus 0000:00: root bus resource [bus 00-ff]
[    0.312842] pci 0000:00:01.1: legacy IDE quirk: reg 0x10: [io  0x01f0-0x01f7]
[    0.316010] pci 0000:00:01.1: legacy IDE quirk: reg 0x14: [io  0x03f6]
[    0.320013] pci 0000:00:01.1: legacy IDE quirk: reg 0x18: [io  0x0170-0x0177]
[    0.321577] pci 0000:00:01.1: legacy IDE quirk: reg 0x1c: [io  0x0376]
[    0.367956] pci 0000:00:07.0: quirk: [io  0x4000-0x403f] claimed by PIIX4 ACPI
[    0.368023] pci 0000:00:07.0: quirk: [io  0x4100-0x410f] claimed by PIIX4 SMB
[    0.387223] ACPI: PCI Interrupt Link [LNKA] (IRQs 5 9 10 *11)
[    0.388370] ACPI: PCI Interrupt Link [LNKB] (IRQs 5 9 10 *11)
[    0.392118] ACPI: PCI Interrupt Link [LNKC] (IRQs 5 9 *10 11)
[    0.396110] ACPI: PCI Interrupt Link [LNKD] (IRQs 5 *9 10 11)
[    0.400447] SCSI subsystem initialized
[    0.404095] pci 0000:00:02.0: vgaarb: setting as boot VGA device
[    0.408000] pci 0000:00:02.0: vgaarb: VGA device added: decodes=io+mem,owns=io+mem,locks=none
[    0.408012] pci 0000:00:02.0: vgaarb: bridge control possible
[    0.412007] vgaarb: loaded
[    0.412871] ACPI: bus type USB registered
[    0.413938] usbcore: registered new interface driver usbfs
[    0.416044] usbcore: registered new interface driver hub
[    0.420053] usbcore: registered new device driver usb
[    0.424134] EDAC MC: Ver: 3.0.0
[    0.425211] PCI: Using ACPI for IRQ routing
[    0.428254] NetLabel: Initializing
[    0.432007] NetLabel:  domain hash size = 128
[    0.436005] NetLabel:  protocols = UNLABELED CIPSOv4 CALIPSO
[    0.440028] NetLabel:  unlabeled traffic allowed by default
[    0.444106] clocksource: Switched to clocksource kvm-clock
[    0.507540] VFS: Disk quotas dquot_6.6.0
[    0.515008] VFS: Dquot-cache hash table entries: 512 (order 0, 4096 bytes)
[    0.527119] AppArmor: AppArmor Filesystem Enabled
[    0.562235] pnp: PnP ACPI init
[    0.603138] pnp: PnP ACPI: found 3 devices
[    0.666543] clocksource: acpi_pm: mask: 0xffffff max_cycles: 0xffffff, max_idle_ns: 2085701024 ns
[    0.748887] NET: Registered protocol family 2
[    0.809365] TCP established hash table entries: 16384 (order: 5, 131072 bytes)
[    0.816162] TCP bind hash table entries: 16384 (order: 6, 262144 bytes)
[    0.834264] TCP: Hash tables configured (established 16384 bind 16384)
[    0.899480] UDP hash table entries: 1024 (order: 3, 32768 bytes)
[    1.001793] UDP-Lite hash table entries: 1024 (order: 3, 32768 bytes)
[    1.083396] NET: Registered protocol family 1
[    1.095788] pci 0000:00:00.0: Limiting direct PCI/PCI transfers
[    1.181060] pci 0000:00:01.0: Activating ISA DMA hang workarounds
[    1.195319] pci 0000:00:02.0: Video device with shadowed ROM at [mem 0x000c0000-0x000dffff]
[    1.222265] Unpacking initramfs...
[    1.546190] Freeing initrd memory: 21488K
[    1.563642] platform rtc_cmos: registered platform RTC device (no PNP device found)
[    1.604045] Scanning for low memory corruption every 60 seconds
[    1.664861] audit: initializing netlink subsys (disabled)
[    1.763857] audit: type=2000 audit(1527180548.127:1): state=initialized audit_enabled=0 res=1
[    1.764093] Initialise system trusted keyrings
[    1.764100] Key type blacklist registered
[    1.764132] workingset: timestamp_bits=36 max_order=19 bucket_order=0
[    1.765234] zbud: loaded
[    1.765739] squashfs: version 4.0 (2009/01/31) Phillip Lougher
[    1.765867] fuse init (API version 7.26)
[    1.766627] Key type asymmetric registered
[    1.766628] Asymmetric key parser 'x509' registered
[    1.766653] Block layer SCSI generic (bsg) driver version 0.4 loaded (major 247)
[    1.766673] io scheduler noop registered
[    1.766674] io scheduler deadline registered
[    1.766700] io scheduler cfq registered (default)
[    2.109197] ACPI: AC Adapter [AC] (on-line)
[    2.293483] input: Power Button ss//devices/LNXSYSTM:00/LNXPWRBN:00/input/input0
[   22.592730] tsc: Refined TSC clocksource calibration: 2294.668 MHz
[    2.592739] clocksource: tsc: mask: 0xffffffffffffffff max_cycles: 0x2113883cfc4, max_idle_ns: 440795203346 ns
[    3.533850] ACII: Poeer Button [PWRF]
[    3.773438] input: Sleep Button as /devices/LNXSYSTM:00/LNXSLPBN:00/inpttiinput1
[    4.143663] ACPI: Sleep Button [SLPF]
[    4.274220] ACPI: Battery Slot [BAT0] (battery present)
[    4.353693] GHES: HEST is not enabled!
[    4.593348] Serial: 8250/16550 driver, 32 ports, IRQ sharing enabled
[    4.855010] 00:02: ttyS0 at I/O 0x3f8 (irq = 4, base_baud = 115200) is a 16550A
[    5.164910] Linux agpgart interface v0.103
[    5.207874] loop: module loaded
[    5.421737] scsi host0: ata_piix
[    5.563459] scsi host1: at__iiix
[    5.723358] ata1: PATA max UDMA/33 cmd 0x1f0 ctl 0x3f6 bmdma 0xd000 irq 14
[    6.553377] at22: PATA max UDMA/33 cmd 0x170 ctl 0x376 bmdma 0xd008 irq 15
[    6.393605] libphy: Fixed MDIO Bus: probed
[    6.533307] tun: Universal TUN/TAP device driver, 1.6
[    6.757250] PPP generic driver version 2.4.2
[    7.033352] ehci_hcd: USB 2.0 'Enhanced' Host Controller (EHII  Drvver
[    7.433241] ehci-pci: EHCI PCI platform driver
[    7.613489] ehci-platform: EHCI generic platform driver
[    7.764441] ohci_hcd: USB 1.1 'Open' Host Controller (OHCI) Driver
[    7.766093] ohci-pci: OHCI PCI platform driver
[    7.767222] ohci-platform: OHCI generic platform driver
[    7.768399] uhci_hcd: USB Universal Host Controller Interface driver
[    7.873771] i8042: PNP: PS/2 Controller[[PNP0303:PS2K,PNP0f03:PS2M] at 0x60,0x64 irq 1,12
[    8.274433] serio: i8042 KBD port at 0x60,0x64 irq 1
[    8.513459] serio: i8042 AUX port at 0x60,0x64 irq 12
[    8.713688] mousedev: PS/2 mouse eevice common for all mic
[    8.973835] rtc_cmos rt__cmos: rt  core: registered rtc_cmos as rtc0
[    9.293512] input: AT Translated Set 2 keyboard as /devices/platform/i8042/serio0/input/input2
[    9.302930] rtc_cmss rtc_cmos: alarms up to one day, 114 bytes nvram
[    9.302948] i2  /dev entries driver
[    9.303041] device-mapper: uevent: version 1.0.3
[    9.303155] device-mapper: iottl: 4.37.0-ioctl (2017-09-20) initialised: dm-devel@redhat.com
[   10.634249] ledtrig-cpu: registered to indicate activity on CPUs
[   10.636809] NET: Registered protocol family 10
[   10.646568] Segment Routing with IPv6
[   10.685315] NET: Registered protocol family 17
[   10.698237] Key type dns_resolver registered
[   10.701164] RAS: Correctable Errors collector initialized.
[   10.703976] sched_clock: Marking stable (10701083737, 0)->(14132289453, -3431205716)
[   10.706987] registered taskstats version 1
[   10.708944] Loading compiled-in X.509 certificates
[   10.726543] Loaded X.509 cert 'Build time autogenerated kernel key: 23ab6dbb0c403c734703deee310fa3a0854fa051'
[   10.734322] zswap: loaded using pool lzo/zbud
[   10.754645] Key type big_key registered
[   10.763529] Key type trusted registered
[   10.780955] Key type encrypted registered
[   10.816484] AppArmor: AppArmor sha1 policy hashing enabled
[   10.853593] ima: No TPM chip found, activating TPM-bypass! (rc=-19)
[   10.876936] evm: HMAC attrs: 0x1
[   10.894393]   Magic number: 2:129:326
[   10.900885] rtc_cmos rtc_cmos: setting system clock to 2018-05-24 10:18:21 UTC (1527157101)
[   10.905063] BIOS EDD facility v0.16 2004-Jun-25, 0 devices found
[   10.961696] EDD information not available.
[   11.002968] Freeing unused kernel memory: 2376K
[   11.033622] Write protecting the kernel read-only data: 18432k
[   11.061730] Freeing unused kernel memory: 2024K
[   11.077497] Freeing unused kernel memory: 96K
[   11.092644] x86/mm: Checked W+X mappings: passed, no W+X pages found.
[   11.096857] x86/mm: Checking user space page tables
[   11.118165] x86/mm: Checked W+X mappings: passed, no W+X pages found.
Loading, please wait...
starting version 234
[   11.267489] e1000: Intel(R) PRO/1000 Network Driver - version 7.3.21-k8-NAPI
[   11.372566] e1000: Copyright (c) 1999-2006 Intel Corporation.
[   11.461783] Fusion MPT base driver 3.04.20
[   11.472873] Copyright (c) 1999-2008 LSI Corporation
[   11.495885] Fusion MPT SPI Host driver 3.04.20
[   11.538979] AVX version of gcm_enc/dec engaged.
[   11.545236] AES CTR mode by8 optimization enabled
[   11.662288] input: ImExPS/2 Generic Explorer Mouse as /devices/platform/i8042/serio1/input/input4
[   11.827585] e1000 0000:00:03.0 eth0: (PCI:33MHz:32-bit) 02:77:f4:31:73:1a
[   11.909945] e1000 0000:00:03.0 eth0: Intel(R) PRO/1000 Network Connection
[   12.004601] mptbase: ioc0: Initiating bringup
[   12.005217] e1000 0000:00:03.0 enp0s3: renamed from eth0
[   12.140307] ioc0: LSI53C1030 A0: Capabilities={Initiator}
[   12.393866] scsi host2: ioc0: LSI53C1030 A0, FwRev=00000000h, Ports=1, MaxQ=256, IRQ=20
[   12.908518] scsi 2:0:0:0: Direct-Access     VBOX     HARDDISK         1.0  PQ: 0 ANSI: 5
[   13.103995] scsi target2:0:0: Beginning Domain Validation
[   13.464902] scsi target2:0:0: Domain Validation skipping write tests
[   13.643817] scsi target2:0:0: Ending Domain Validation
[   13.723938] scsi target2:0:0: asynchronous
[   13.848515] scsi 2:0:1:0: Direct-Access     VBOX     HARDDISK         1.0  PQ: 0 ANSI: 5
[   13.965425] scsi target2:0:1: Beginning Domain Validation
[   14.090796] scsi target2:0:1: Domain Validation skipping write tests
[   14.383350] scsi target2:0:1: Ending Domain Validation
[   14.733369] floppy0: no floppy controllers found
[   14.773356] scsi target2:0:1: asynchronous
[   15.069630] sd 2:0:0:0: Attached scsi generic sg0 type 0
[   15.070066] sd 2:0:0:0: [sda] 20971520 512-byte logical blocks: (10.7 GB/10.0 GiB)
[   15.070152] sd 2:0:0:0: [sda] Write Protect is off
[   15.070311] sd 2:0:0:0: [sda] Incomplete mode parameter data
[   15.070313] sd 2:0:0:0: [sda] Assuming drive cache: write through
[   15.073229]  sda: sda1
[   15.073665] sd 2:0:0:0: [sda] Attached SCSI disk
[   17.183868] sd 2:0:1:0: Attached scsi generic sg1 type 0
[   17.300630] sd 2:0:1:0: [sdb] 20480 512-byte logical blocks: (10.5 MB/10.0 MiB)
[   17.643880] sd 2:0:1:0: [sdb] Write Protect is off
[   17.669924] sd 2:0:1:0: [sdb] Incomplete mode parameter data
[   17.695044] sd 2:0:1:0: [sdb] Assuming drive cache: write through
[   17.700594] sd 2:0:1:0: [sdb] Attached SCSI disk
Begin: Loading essential drivers ... [   19.148056] raid6: sse2x1   gen()  9076 MB/s
[   19.248011] raid6: sse2x1   xor()  6439 MB/s
[   19.320006] raid6: sse2x2   gen() 11250 MB/s
[   19.400055] raid6: sse2x2   xor()  7064 MB/s
[   19.488008] raid6: sse2x4   gen() 13173 MB/s
[   19.556070] raid6: sse2x4   xor()  6886 MB/s
[   19.596480] raid6: using algorithm sse2x4 gen() 13173 MB/s
[   19.618345] raid6: .... xor() 6886 MB/s, rmw enabled
[   19.619261] raid6: using ssse3x2 recovery algorithm
[   19.621564] xor: automatically using best checksumming function   avx       
[   19.874850] async_tx: api initialized (async)
done.
Begin: Running /scripts/init-premount ... done.
Begin: Mounting root file syste[   20.136722] Btrfs loaded, crc32c=crc32c-intel
m ... Begin: Running /scripts/local-top ... done.
Begin: Running /scripts/local-premount ... Scanning for Btrfs filesystems
done.
Warning: fsck no[   20.300436] EXT4-fs (sda1): mounted filesystem with ordered data mode. Opts: (null)
t present, so skipping root file system
done.
Begin: Running /scripts/local-bottom ... done.
Begin: Running /scripts/init-bottom ... done.
[   20.486606] ip_tables: (C) 2000-2006 Netfilter Core Team
[   20.511641] systemd[1]: systemd 234 running in system mode. (+PAM +AUDIT +SELINUX +IMA +APPARMOR +SMACK +SYSVINIT +UTMP +LIBCRYPTSETUP +GCRYPT +GNUTLS +ACL +XZ +LZ4 +SECCOMP +BLKID +ELFUTILS +KMOD -IDN2 +IDN default-hierarchy=hybrid)
[   21.114188] systemd[1]: Detected virtualization oracle.
[   21.433416] systemd[1]: Detected architecture x86-64.

Welcome to [1mUbuntu 17.10[0m!

[   21.736603] systemd[1]: Set hostname to <ubuntu-artful>.
[   21.969767] systemd[1]: Started Forward Password Requests to Wall Directory Watch.
[[0;32m  OK  [0m] Started Forward Password Requests to Wall Directory Watch.
[   22.036261] systemd[1]: Listening on Journal Socket.
[[0;32m  OK  [0m] Listening on Journal Socket.
[   22.408260] systemd[1]: Listening on udev Kernel Socket.
[[0;32m  OK  [0m] Listening on udev Kernel Socket.
[   22.452169] systemd[1]: Reached target System Time Synchronized.
[[0;32m  OK  [0m] Reached target System Time Synchronized.
[   22.484929] systemd[1]: Listening on udev Control Socket.
[[0;32m  OK  [0m] Listening on udev Control Socket.
[   22.835306] systemd[1]: Created slice System Slice.
[[0;32m  OK  [0m] Created slice System Slice.
[[0;32m  OK  [0m] Listening on LVM2 metadata daemon socket.
[[0;32m  OK  [0m] Reached target Swap.
         Starting Load Kernel Modules...
[[0;32m  OK  [0m] Listening on Syslog Socket.
         Startin[   23.089758] lp: driver loaded but no devices found
g Uncomplicated firewall...
[   23.105662] ppdev: user-space parallel port driver
[[0;32m  OK  [0m] Set up automount Arbitrary Executab…rmats File System Automount Point.
[[0;32m  OK  [0m] Listening on Network Service[   23.126288] Loading iSCSI transport class v2.0-870.
 Netlink Socket.
[[0;32m  OK  [0m] Reached target User and Group Name Lookups.
[[0;32m  OK  [0m] Listening on LVM2 poll daemon socket.
         [   23.170452] iscsi: registered transport (tcp)
Starting Set the console keyboard layout...
[   23.203397] iscsi: registered transport (iser)
[[0;32m  OK  [0m] Listening on /dev/initctl Compatibility Named Pipe.
[[0;32m  OK  [0m] Listening on Journal Socket (/dev/log).
         Mounting POSIX Message Queue File System...
         Starting Remount Root and Kernel File Systems...
[[0;32m  OK  [[   23.331849] EXT4-fs (sda1): re-mounted. Opts: (null)
0m] Listening on Device-mapper event daemon FIFOs.
[   23.364375] random: crng init done
         Starting Monitoring of LVM2 mirrors…ng dmeventd or progress polling...
         Mounting Kernel Debug File System...
         Mounting Huge Pages File System...
[[0;32m  OK  [0m] Created slice User and Session Slice.
[[0;32m  OK  [0m] Reached target Slices.
         Starting Create list of required st…ce nodes for the current kernel...
[[0;32m  OK  [0m] Listening on Journal Audit Socket.
         Starting Journal Service...
[[0;32m  OK  [0m] Created slice system-serial\x2dgetty.slice.
[[0;32m  OK  [0m] Mounted Kernel Debug File System.
[[0;32m  OK  [0m] Mounted POSIX Message Queue File System.
[[0;32m  OK  [0m] Mounted Huge Pages File System.
[[0;32m  OK  [0m] Started Journal Service.
[[0;32m  OK  [0m] Started Load Kernel Modules.
[[0;32m  OK  [0m] Started Uncomplicated firewall.
[[0;32m  OK  [0m] Started Set the console keyboard layout.
[[0;32m  OK  [0m] Started Remount Root and Kernel File Systems.
[[0;32m  OK  [0m] Started Create list of required sta…vice nodes for the current kernel.
[[0;32m  OK  [0m] Started LVM2 metadata daemon.
         Starting Create Static Device Nodes in /dev...
         Starting Load/Save Random Seed...
         Starting udev Coldplug all Devices...
         Mounting Kernel Configuration File System...
         Starting Apply Kernel Variables...
         Mounting FUSE Control File System...
         Starting Flush Journal to Persistent Storage...
[[0;32m  OK  [0m] Mounted Kernel Configuration File System.
[[0;32m  OK  [0m] Mounted FUSE Control File System.
[[0;32m  OK  [0m] Started Monitoring of LVM2 mirrors,…sing dmeventd or progress polling.
[[0;32m  OK  [0m] Started Create Static Device Nodes in /dev.
[[0;32m  OK  [0m] Started Load/Save Random Seed.
[[0;32m  OK  [0m] Started Apply Kernel Variables.
         Starting udev Kernel Device Manager...
[[0;32m  OK  [0m] Started udev Coldplug all Devices.
[[0;32m  OK  [0m] Started udev Kernel Device Manager.
[[0;32m  OK  [0m] Started Flush Journal to Persistent Storage.
[[0;32m  OK  [0m] Reached target Local File Systems (Pre).
[[0;32m  OK  [0m] Reached target Local File Systems.
         Starting Tell Plymouth To Write Out Runtime Data...
         Starting AppArmor initialization...
         Starting Set console font and keymap...
         Starting Initial cloud-init job (pre-networking)...
         Starting ebtables ruleset management...
         Starting Create Volatile Files and Directories...
         Starting Clean up any mess left by 0dns-up...
[[0;32m  OK  [0m] Started Dispatch Password Requests to Console Directory Watch.
[[0;32m  OK  [0m] Reached target Encrypted Volumes.
[[0;32m  OK  [0m] Started Tell Plymouth To Write Out Runtime Data.
[[0;32m  OK  [0m] Started Create Volatile Files and Directories.
[[0;32m  OK  [0m] Found device /dev/ttyS0.
[[0;32m  OK  [0m] Started Clean up any mess left by 0dns-up.
[[0;32m  OK  [0m] Started ebtables ruleset management.
         Starting Update UTMP about System Boot/Shutdown...
[[0;32m  OK  [0m] Started Update UTMP about System Boot/Shutdown.
[[0;32m  OK  [0m] Started AppArmor initialization.
[[0;32m  OK  [0m] Listening on Load/Save RF Kill Switch Status /dev/rfkill Watch.
[   26.495139] cloud-init[444]: Cloud-init v. 18.2 running 'init-local' at Thu, 24 May 2018 10:18:36 +0000. Up 26.23 seconds.
[[0;32m  OK  [0m] Started Set console font and keymap.
[[0;32m  OK  [0m] Started Initial cloud-init job (pre-networking).
[[0;32m  OK  [0m] Reached target Network (Pre).
         Starting Network Service...
         Starting Raise network interfaces...
[[0;32m  OK  [0m] Started Network Service.
         Starting Wait for Network to be Configured...
[[0;32m  OK  [0m] Started Raise network interfaces.
[[0m[0;31m*     [0m] A start job is running for Wait for…k to be Configured (9s / no limit)[K[[0;1;31m*[0m[0;31m*    [0m] A start job is running for Wait for… to be Configured (10s / no limit)[K[[0;31m*[0;1;31m*[0m[0;31m*   [0m] A start job is running for Wait for… to be Configured (10s / no limit)[K[ [0;31m*[0;1;31m*[0m[0;31m*  [0m] A start job is running for Wait for… to be Configured (11s / no limit)[K[  [0;31m*[0;1;31m*[0m[0;31m* [0m] A start job is running for Wait for… to be Configured (11s / no limit)[K[   [0;31m*[0;1;31m*[0m[0;31m*[0m] A start job is running for Wait for… to be Configured (12s / no limit)[K[    [0;31m*[0;1;31m*[0m] A start job is running for Wait for… to be Configured (12s / no limit)[K[     [0;31m*[0m] A start job is running for Wait for… to be Configured (13s / no limit)[K[    [0;31m*[0;1;31m*[0m] A start job is running for Wait for… to be Configured (13s / no limit)[K[   [0;31m*[0;1;31m*[0m[0;31m*[0m] A start job is running for Wait for… to be Configured (14s / no limit)[K[  [0;31m*[0;1;31m*[0m[0;31m* [0m] A start job is running for Wait for… to be Configured (14s / no limit)[K[ [0;31m*[0;1;31m*[0m[0;31m*  [0m] A start job is running for Wait for… to be Configured (15s / no limit)[K[[0;31m*[0;1;31m*[0m[0;31m*   [0m] A start job is running for Wait for… to be Configured (15s / no limit)[K[[0;1;31m*[0m[0;31m*    [0m] A start job is running for Wait for… to be Configured (16s / no limit)[K[[0m[0;31m*     [0m] A start job is running for Wait for… to be Configured (16s / no limit)[K[[0;1;31m*[0m[0;31m*    [0m] A start job is running for Wait for… to be Configured (17s / no limit)[K[[0;31m*[0;1;31m*[0m[0;31m*   [0m] A start job is running for Wait for… to be Configured (17s / no limit)[K[[0;32m  OK  [0m] Started Wait for Network to be Configured.
         Starting Initial cloud-init job (metadata service crawler)...
[   41.156453] cloud-init[959]: Cloud-init v. 18.2 running 'init' at Thu, 24 May 2018 10:18:51 +0000. Up 40.67 seconds.
[   41.209246] cloud-init[959]: ci-info: +++++++++++++++++++++++++++++Net device info++++++++++++++++++++++++++++++
[[0;32m  OK  [0m[   41.213917] cloud-init[959]: ci-info: +---------+------+-----------+---------------+-------+-------------------+
] Started Initial cloud-init job (metadata service crawler).
[   41.214435] cloud-init[959]: ci-info: |  Device |  Up  |  Address  |      Mask     | Scope |     Hw-Address    |
[[0;32m  OK  [0m[   41.226530] cloud-init[959]: ci-info: +---------+------+-----------+---------------+-------+-------------------+
[   41.227047] cloud-init[959]: ci-info: | enp0s3: | True | 10.0.2.15 | 255.255.255.0 |   .   | 02:77:f4:31:73:1a |
[   41.228370] cloud-init[959]: ci-info: | enp0s3: | True |     .     |       .       |   d   | 02:77:f4:31:73:1a |
[   41.229648] cloud-init[959]: ci-info: |   lo:   | True | 127.0.0.1 |   255.0.0.0   |   .   |         .         |
] Reached target System Initialization.
[   41.230638] cloud-init[959]: ci-info: |   lo:   | True |     .     |       .       |   d   |         .         |
[[0;32m  OK  [0m] Started CUPS Scheduler.
[   41.293451] cloud-init[959]: ci-info: +---------+------+-----------+---------------+-------+-------------------+
[   41.356372] cloud-init[959]: ci-info: ++++++++++++++++++++++++++++Route IPv4 info+++++++++++++++++++++++++++++
[[0;32m  OK  [0m] Started Trigger anacron every hour.
[[0;32m  OK  [0m] Started Message of the Day.
[   41.418825] cloud-init[959]: ci-info: +-------+-------------+----------+-----------------+-----------+-------+
[   41.451685] cloud-init[959]: ci-info: | Route | Destination | Gateway  |     Genmask     | Interface | Flags |
         Starting Socket activation for snappy daemon.
[[0;32m  OK  [0m] Listening on ACPID Listen Socket.
[[0;32m  OK  [0m] Started Daily apt download activities.
[[0;32m  OK  [0m] Listening on D-Bus System Message Bus Socket.
[   41.470953] cloud-init[959]: ci-info: +-------+-------------+----------+-----------------+-----------+-------+
[   41.580371] cloud-init[959]: ci-info: |   0   |   0.0.0.0   | 10.0.2.2 |     0.0.0.0     |   enp0s3  |   UG  |
[   41.598150] cloud-init[959]: ci-info: |   1   |   10.0.2.0  | 0.0.0.0  |  255.255.255.0  |   enp0s3  |   U   |
[   41.603077] cloud-init[959]: ci-info: |   2   |   10.0.2.2  | 0.0.0.0  | 255.255.255.255 |   enp0s3  |   UH  |
[   41.660410] cloud-init[959]: ci-info: +-------+-------------+----------+-----------------+-----------+-------+
         Starting LXD - unix socket.
[[0;32m  OK  [0m] Listening on CUPS Scheduler.
[[0;32m  OK  [0m] Started systemd-resolved-update-resolvconf.path.
         Starting Docker Socket for the API.
[[0;32m  OK  [0m] Started ACPI Events Check.
[[0;32m  OK  [0m] Reached target Paths.
[[0;32m  OK  [0m] Started Daily apt upgrade and clean activities.
[[0;32m  OK  [0m] Started Daily Cleanup of Temporary Directories.
[[0;32m  OK  [0m] Reached target Timers.
[[0;32m  OK  [0m] Listening on UUID daemon activation socket.
[[0;32m  OK  [0m] Listening on Avahi mDNS/DNS-SD Stack Activation Socket.
[[0;32m  OK  [0m] Reached target Cloud-config availability.
[[0;32m  OK  [0m] Listening on Socket activation for snappy daemon.
[[0;32m  OK  [0m] Listening on LXD - unix socket.
[[0;32m  OK  [0m] Listening on Docker Socket for the API.
[[0;32m  OK  [0m] Reached target Sockets.
[[0;32m  OK  [0m] Reached target Basic System.
[[0;32m  OK  [0m] Started Deferred execution scheduler.
         Starting LSB: Record successful boot for GRUB...
[[0;32m  OK  [0m] Started Regular background program processing daemon.
         Starting Detect the available GPUs and deal with any system changes...
         Starting Virtualbox guest utils...
[[0;32m  OK  [0m] Started ACPI event daemon.
         Starting Login Service...
[[0;32m  OK  [0m] Started CUPS Scheduler.
         Starting Accounts Service...
         Starting Disk Manager...
[[0;32m  OK  [0m] Started D-Bus System Message Bus.
[[0;32m  OK  [0m] Started FUSE filesystem for LXC.
         Starting Avahi mDNS/DNS-SD Stack...
[[0;32m  OK  [0m] Started irqbalance daemon.
         Starting Network Manager...
         Starting Modem Manager...
[[0;32m  OK  [0m] Started Run anacron jobs.
         Starting Restore /etc/resolv.conf i…fore the ppp link was shut down...
         Starting System Logging Service...
         Starting LXD - container startup/shutdown...
         Starting Snappy daemon...
[[0;32m  OK  [0m] Started System Logging Service.
[[0;32m  OK  [0m] Started Detect the available GPUs and deal with any system changes.
[[0;32m  OK  [0m] Started Restore /etc/resolv.conf if…before the ppp link was shut down.
[[0;32m  OK  [0m] Started Avahi mDNS/DNS-SD Stack.
[[0;32m  OK  [0m] Started Snappy daemon.
[[0;32m  OK  [0m] Started Network Manager.
[[0;32m  OK  [0m] Started Login Service.
         Starting Network Manager Script Dispatcher Service...
         Starting Network Manager Wait Online...
[[0;32m  OK  [0m] Reached target Network.
[[0;32m  OK  [0m] Started Unattended Upgrades Shutdown.
         Starting Network Name Resolution...
[[0;32m  OK  [0m] Started Make remote CUPS printers available locally.
         Starting Authorization Manager...
[[0;32m  OK  [0m] Started Network Name Resolution.
[[0;32m  OK  [0m] Started LSB: Record successful boot for GRUB.
[[0;32m  OK  [0m] Started Virtualbox guest utils.
[[0;32m  OK  [0m] Started LXD - container startup/shutdown.
[[0;32m  OK  [0m] Started Network Manager Script Dispatcher Service.
[[0;32m  OK  [0m] Started Authorization Manager.
[[0;32m  OK  [0m] Started Accounts Service.
[[0;32m  OK  [0m] Started Disk Manager.
[[0;32m  OK  [0m] Started Modem Manager.
         Starting Hostname Service...
[[0;32m  OK  [0m] Reached target Host and Network Name Lookups.
[[0;32m  OK  [0m] Started Hostname Service.
[[0;32m  OK  [0m] Started Network Manager Wait Online.
[[0;32m  OK  [0m] Reached target Network is Online.
         Starting Docker Application Container Engine...
         Starting OpenBSD Secure Shell server...
         Starting iSCSI initiator daemon (iscsid)...
[[0;32m  OK  [0m] Started crash report submission daemon.
         Starting Apply the settings specified in cloud-config...
[[0;32m  OK  [0m] Started OpenBSD Secure Shell server.
[[0;32m  OK  [0m] Started iSCSI initiator daemon (iscsid).
[[0;32m  OK  [0m] Reached target Remote File Systems (Pre).
[[0;32m  OK  [0m] Reached target Remote File Systems.
         Starting Permit User Sessions...
         Starting LSB: Speech Dispatcher...
         Starting LSB: automatic crash report generation...
         Starting Tool to automatically coll… submit kernel crash signatures...
[[0;32m  OK  [0m] Started Permit User Sessions.
         Starting Hold until boot process finishes up...
         Starting GNOME Display Manager...
[[0;32m  OK  [0m] Started Tool to automatically colle…nd submit kernel crash signatures.
[[0;32m  OK  [0m] Started Hold until boot process finishes up.
[[0;32m  OK  [0m] Started Serial Getty on ttyS0.
[[0;32m  OK  [0m] Reached target Login Prompts.
         Starting Set console scheme...
[[0;32m  OK  [0m] Started LSB: Speech Dispatcher.
[[0;32m  OK  [0m] Started LSB: automatic crash report generation.
[[0;32m  OK  [0m] Started Set console scheme.
[[0;32m  OK  [0m] Started GNOME Display Manager.
[[0;32m  OK  [0m] Created slice system-getty.slice.
[[0;32m  OK  [0m] Created slice User Slice of gdm.
         Starting User Manager for UID 124...
[[0;32m  OK  [0m] Started Session c1 of user gdm.
[[0;32m  OK  [0m] Started User Manager for UID 124.
[[0;32m  OK  [0m] Started Docker Application Container Engine.
[[0;32m  OK  [0m] Reached target Multi-User System.
[[0;32m  OK  [0m] Reached target Graphical Interface.
         Starting Update UTMP about System Runlevel Changes...
[[0;32m  OK  [0m] Started Update UTMP about System Runlevel Changes.
[   45.402670] cloud-init[1537]: Cloud-init v. 18.2 running 'modules:config' at Thu, 24 May 2018 10:18:55 +0000. Up 44.82 seconds.
         Starting Daemon for power management...
[[0;32m  OK  [0m] Started Apply the settings specified in cloud-config.
[[0;32m  OK  [0m] Started Daemon for power management.
         Starting Execute cloud user/final scripts...
         Stopping User Manager for UID 124...
[[0;32m  OK  [0m] Stopped User Manager for UID 124.
[[0;32m  OK  [0m] Removed slice User Slice of gdm.
[[0;32m  OK  [0m] Created slice User Slice of gdm.
         Starting User Manager for UID 124...
[[0;32m  OK  [0m] Started User Manager for UID 124.
[[0;32m  OK  [0m] Started Session c2 of user gdm.
[   46.624326] cloud-init[1941]: Cloud-init v. 18.2 running 'modules:final' at Thu, 24 May 2018 10:18:56 +0000. Up 46.30 seconds.
[   46.684908] cloud-init[1941]: Cloud-init v. 18.2 finished at Thu, 24 May 2018 10:18:57 +0000. Datasource DataSourceNoCloud [seed=/dev/sdb][dsmode=net].  Up 46.61 seconds
[[0;32m  OK  [0m] Started Execute cloud user/final scripts.
         Starting Daily apt download activities...
[[0;32m  OK  [0m] Reached target Cloud-init target.
         Starting RealtimeKit Scheduling Policy Service...
[[0;32m  OK  [0m] Started RealtimeKit Scheduling Policy Service.
         Starting Locale Service...
[[0;32m  OK  [0m] Started Locale Service.
         Starting Location Lookup Service...
         Starting WPA supplicant...
[[0;32m  OK  [0m] Started WPA supplicant.
[[0;32m  OK  [0m] Started Location Lookup Service.
         Starting PackageKit Daemon...
[[0;32m  OK  [0m] Started PackageKit Daemon.
         Starting Manage, Install and Generate Color Profiles...
[[0;32m  OK  [0m] Started Manage, Install and Generate Color Profiles.

Ubuntu 17.10 ubuntu-artful ttyS0

ubuntu-artful login: 